{"/home/travis/build/npmtest/node-npmtest-spark-md5/test.js":{"path":"/home/travis/build/npmtest/node-npmtest-spark-md5/test.js","s":{"1":2,"2":2,"3":2,"4":2,"5":2,"6":2,"7":2,"8":1,"9":2,"10":2,"11":1,"12":1,"13":1,"14":1,"15":2,"16":2,"17":2,"18":2,"19":1,"20":1,"21":2,"22":2,"23":2,"24":1,"25":1,"26":1,"27":1,"28":1,"29":1,"30":1,"31":1,"32":1,"33":1,"34":1,"35":1,"36":1,"37":1,"38":1,"39":2,"40":2,"41":1,"42":2,"43":2,"44":1,"45":2,"46":2,"47":1,"48":2,"49":2,"50":1,"51":1,"52":1,"53":1,"54":1},"b":{"1":[2,1,1,1],"2":[1,1,1,1],"3":[1,1],"4":[1,1],"5":[1,1],"6":[1,1],"7":[1,1],"8":[1,1],"9":[1,1],"10":[1,1,1],"11":[1,1],"12":[1,1],"13":[1,1],"14":[1,1],"15":[1,1],"16":[1,1],"17":[1,1]},"f":{"1":2,"2":2,"3":2,"4":2,"5":2,"6":1,"7":1,"8":1,"9":2,"10":2,"11":2,"12":2,"13":1},"fnMap":{"1":{"name":"(anonymous_1)","line":12,"loc":{"start":{"line":12,"column":1},"end":{"line":12,"column":13}}},"2":{"name":"(anonymous_2)","line":19,"loc":{"start":{"line":19,"column":5},"end":{"line":19,"column":17}}},"3":{"name":"(anonymous_3)","line":23,"loc":{"start":{"line":23,"column":24},"end":{"line":23,"column":36}}},"4":{"name":"(anonymous_4)","line":61,"loc":{"start":{"line":61,"column":5},"end":{"line":61,"column":17}}},"5":{"name":"(anonymous_5)","line":82,"loc":{"start":{"line":82,"column":5},"end":{"line":82,"column":17}}},"6":{"name":"(anonymous_6)","line":91,"loc":{"start":{"line":91,"column":77},"end":{"line":94,"column":10}}},"7":{"name":"(anonymous_7)","line":112,"loc":{"start":{"line":112,"column":83},"end":{"line":115,"column":10}},"skip":true},"8":{"name":"(anonymous_8)","line":123,"loc":{"start":{"line":123,"column":77},"end":{"line":126,"column":10}},"skip":true},"9":{"name":"(anonymous_9)","line":139,"loc":{"start":{"line":139,"column":12},"end":{"line":139,"column":40}},"skip":true},"10":{"name":"(anonymous_10)","line":147,"loc":{"start":{"line":147,"column":77},"end":{"line":150,"column":10}},"skip":true},"11":{"name":"(anonymous_11)","line":158,"loc":{"start":{"line":158,"column":83},"end":{"line":161,"column":10}},"skip":true},"12":{"name":"(anonymous_12)","line":169,"loc":{"start":{"line":169,"column":79},"end":{"line":172,"column":10}},"skip":true},"13":{"name":"(anonymous_13)","line":180,"loc":{"start":{"line":180,"column":75},"end":{"line":183,"column":10}},"skip":true}},"statementMap":{"1":{"start":{"line":12,"column":0},"end":{"line":195,"column":5}},"2":{"start":{"line":14,"column":4},"end":{"line":14,"column":14}},"3":{"start":{"line":19,"column":4},"end":{"line":56,"column":9}},"4":{"start":{"line":21,"column":8},"end":{"line":21,"column":19}},"5":{"start":{"line":23,"column":8},"end":{"line":35,"column":13}},"6":{"start":{"line":24,"column":12},"end":{"line":34,"column":13}},"7":{"start":{"line":25,"column":16},"end":{"line":28,"column":30}},"8":{"start":{"line":30,"column":16},"end":{"line":33,"column":27}},"9":{"start":{"line":37,"column":8},"end":{"line":39,"column":21}},"10":{"start":{"line":40,"column":8},"end":{"line":53,"column":9}},"11":{"start":{"line":43,"column":12},"end":{"line":46,"column":14}},"12":{"start":{"line":47,"column":12},"end":{"line":47,"column":18}},"13":{"start":{"line":50,"column":12},"end":{"line":51,"column":46}},"14":{"start":{"line":52,"column":12},"end":{"line":52,"column":18}},"15":{"start":{"line":55,"column":8},"end":{"line":55,"column":35}},"16":{"start":{"line":61,"column":4},"end":{"line":63,"column":9}},"17":{"start":{"line":62,"column":8},"end":{"line":62,"column":15}},"18":{"start":{"line":64,"column":4},"end":{"line":77,"column":5}},"19":{"start":{"line":70,"column":8},"end":{"line":70,"column":14}},"20":{"start":{"line":76,"column":8},"end":{"line":76,"column":14}},"21":{"start":{"line":82,"column":4},"end":{"line":84,"column":9}},"22":{"start":{"line":83,"column":8},"end":{"line":83,"column":15}},"23":{"start":{"line":85,"column":4},"end":{"line":194,"column":5}},"24":{"start":{"line":91,"column":8},"end":{"line":99,"column":10}},"25":{"start":{"line":98,"column":12},"end":{"line":98,"column":35}},"26":{"start":{"line":102,"column":8},"end":{"line":104,"column":63}},"27":{"start":{"line":105,"column":8},"end":{"line":105,"column":14}},"28":{"start":{"line":112,"column":8},"end":{"line":121,"column":10},"skip":true},"29":{"start":{"line":119,"column":12},"end":{"line":119,"column":55},"skip":true},"30":{"start":{"line":120,"column":12},"end":{"line":120,"column":48},"skip":true},"31":{"start":{"line":123,"column":8},"end":{"line":136,"column":10},"skip":true},"32":{"start":{"line":130,"column":12},"end":{"line":130,"column":76},"skip":true},"33":{"start":{"line":131,"column":12},"end":{"line":131,"column":73},"skip":true},"34":{"start":{"line":132,"column":12},"end":{"line":132,"column":74},"skip":true},"35":{"start":{"line":133,"column":12},"end":{"line":133,"column":79},"skip":true},"36":{"start":{"line":134,"column":12},"end":{"line":134,"column":25},"skip":true},"37":{"start":{"line":135,"column":12},"end":{"line":135,"column":45},"skip":true},"38":{"start":{"line":138,"column":8},"end":{"line":145,"column":14},"skip":true},"39":{"start":{"line":143,"column":16},"end":{"line":143,"column":29},"skip":true},"40":{"start":{"line":144,"column":16},"end":{"line":144,"column":55},"skip":true},"41":{"start":{"line":147,"column":8},"end":{"line":156,"column":10},"skip":true},"42":{"start":{"line":154,"column":12},"end":{"line":154,"column":25},"skip":true},"43":{"start":{"line":155,"column":12},"end":{"line":155,"column":45},"skip":true},"44":{"start":{"line":158,"column":8},"end":{"line":167,"column":10},"skip":true},"45":{"start":{"line":165,"column":12},"end":{"line":165,"column":25},"skip":true},"46":{"start":{"line":166,"column":12},"end":{"line":166,"column":48},"skip":true},"47":{"start":{"line":169,"column":8},"end":{"line":178,"column":10},"skip":true},"48":{"start":{"line":176,"column":12},"end":{"line":176,"column":25},"skip":true},"49":{"start":{"line":177,"column":12},"end":{"line":177,"column":46},"skip":true},"50":{"start":{"line":180,"column":8},"end":{"line":189,"column":10},"skip":true},"51":{"start":{"line":187,"column":12},"end":{"line":187,"column":94},"skip":true},"52":{"start":{"line":188,"column":12},"end":{"line":188,"column":48},"skip":true},"53":{"start":{"line":192,"column":8},"end":{"line":192,"column":35},"skip":true},"54":{"start":{"line":193,"column":8},"end":{"line":193,"column":14},"skip":true}},"branchMap":{"1":{"line":25,"type":"binary-expr","locations":[{"start":{"line":25,"column":23},"end":{"line":25,"column":62}},{"start":{"line":26,"column":20},"end":{"line":26,"column":70}},{"start":{"line":27,"column":20},"end":{"line":27,"column":71}},{"start":{"line":28,"column":20},"end":{"line":28,"column":29}}]},"2":{"line":30,"type":"binary-expr","locations":[{"start":{"line":30,"column":23},"end":{"line":30,"column":37}},{"start":{"line":31,"column":20},"end":{"line":31,"column":61}},{"start":{"line":32,"column":20},"end":{"line":32,"column":70}},{"start":{"line":33,"column":20},"end":{"line":33,"column":26}}]},"3":{"line":37,"type":"cond-expr","locations":[{"start":{"line":38,"column":14},"end":{"line":38,"column":20}},{"start":{"line":39,"column":14},"end":{"line":39,"column":20}}]},"4":{"line":40,"type":"switch","locations":[{"start":{"line":42,"column":8},"end":{"line":47,"column":18}},{"start":{"line":49,"column":8},"end":{"line":52,"column":18}}]},"5":{"line":44,"type":"binary-expr","locations":[{"start":{"line":44,"column":16},"end":{"line":44,"column":44}},{"start":{"line":44,"column":48},"end":{"line":44,"column":66}}]},"6":{"line":50,"type":"binary-expr","locations":[{"start":{"line":50,"column":21},"end":{"line":50,"column":49}},{"start":{"line":50,"column":53},"end":{"line":50,"column":72}}]},"7":{"line":64,"type":"switch","locations":[{"start":{"line":69,"column":4},"end":{"line":70,"column":14}},{"start":{"line":75,"column":4},"end":{"line":76,"column":14}}]},"8":{"line":85,"type":"switch","locations":[{"start":{"line":90,"column":4},"end":{"line":105,"column":14}},{"start":{"line":111,"column":4},"end":{"line":193,"column":14},"skip":true}]},"9":{"line":91,"type":"binary-expr","locations":[{"start":{"line":91,"column":42},"end":{"line":91,"column":73}},{"start":{"line":91,"column":77},"end":{"line":99,"column":9}}]},"10":{"line":102,"type":"binary-expr","locations":[{"start":{"line":102,"column":18},"end":{"line":102,"column":32}},{"start":{"line":103,"column":12},"end":{"line":103,"column":53}},{"start":{"line":104,"column":12},"end":{"line":104,"column":61}}]},"11":{"line":112,"type":"binary-expr","locations":[{"start":{"line":112,"column":45},"end":{"line":112,"column":79},"skip":true},{"start":{"line":112,"column":83},"end":{"line":121,"column":9},"skip":true}]},"12":{"line":123,"type":"binary-expr","locations":[{"start":{"line":123,"column":42},"end":{"line":123,"column":73},"skip":true},{"start":{"line":123,"column":77},"end":{"line":136,"column":9},"skip":true}]},"13":{"line":138,"type":"binary-expr","locations":[{"start":{"line":138,"column":48},"end":{"line":138,"column":85},"skip":true},{"start":{"line":139,"column":12},"end":{"line":145,"column":13},"skip":true}]},"14":{"line":147,"type":"binary-expr","locations":[{"start":{"line":147,"column":42},"end":{"line":147,"column":73},"skip":true},{"start":{"line":147,"column":77},"end":{"line":156,"column":9},"skip":true}]},"15":{"line":158,"type":"binary-expr","locations":[{"start":{"line":158,"column":45},"end":{"line":158,"column":79},"skip":true},{"start":{"line":158,"column":83},"end":{"line":167,"column":9},"skip":true}]},"16":{"line":169,"type":"binary-expr","locations":[{"start":{"line":169,"column":43},"end":{"line":169,"column":75},"skip":true},{"start":{"line":169,"column":79},"end":{"line":178,"column":9},"skip":true}]},"17":{"line":180,"type":"binary-expr","locations":[{"start":{"line":180,"column":41},"end":{"line":180,"column":71},"skip":true},{"start":{"line":180,"column":75},"end":{"line":189,"column":9},"skip":true}]}},"code":["/* istanbul instrument in package npmtest_spark_md5 */","/*jslint","    bitwise: true,","    browser: true,","    maxerr: 8,","    maxlen: 96,","    node: true,","    nomen: true,","    regexp: true,","    stupid: true","*/","(function () {","    'use strict';","    var local;","","","","    // run shared js-env code - pre-init","    (function () {","        // init local","        local = {};","        // init modeJs","        local.modeJs = (function () {","            try {","                return typeof navigator.userAgent === 'string' &&","                    typeof document.querySelector('body') === 'object' &&","                    typeof XMLHttpRequest.prototype.open === 'function' &&","                    'browser';","            } catch (errorCaughtBrowser) {","                return module.exports &&","                    typeof process.versions.node === 'string' &&","                    typeof require('http').createServer === 'function' &&","                    'node';","            }","        }());","        // init global","        local.global = local.modeJs === 'browser'","            ? window","            : global;","        switch (local.modeJs) {","        // re-init local from window.local","        case 'browser':","            local = local.global.utility2.objectSetDefault(","                local.global.utility2_rollup || local.global.local,","                local.global.utility2","            );","            break;","        // re-init local from example.js","        case 'node':","            local = (local.global.utility2_rollup || require('utility2'))","                .requireExampleJsFromReadme();","            break;","        }","        // export local","        local.global.local = local;","    }());","","","","    // run shared js-env code - function","    (function () {","        return;","    }());","    switch (local.modeJs) {","","","","    // run browser js-env code - function","    case 'browser':","        break;","","","","    // run node js-env code - function","    case 'node':","        break;","    }","","","","    // run shared js-env code - post-init","    (function () {","        return;","    }());","    switch (local.modeJs) {","","","","    // run browser js-env code - post-init","    case 'browser':","        local.testCase_browser_nullCase = local.testCase_browser_nullCase || function (","            options,","            onError","        ) {","        /*","         * this function will test browsers's null-case handling-behavior-behavior","         */","            onError(null, options);","        };","","        // run tests","        local.nop(local.modeTest &&","            document.querySelector('#testRunButton1') &&","            document.querySelector('#testRunButton1').click());","        break;","","","","    // run node js-env code - post-init","    /* istanbul ignore next */","    case 'node':","        local.testCase_buildApidoc_default = local.testCase_buildApidoc_default || function (","            options,","            onError","        ) {","        /*","         * this function will test buildApidoc's default handling-behavior-behavior","         */","            options = { modulePathList: module.paths };","            local.buildApidoc(options, onError);","        };","","        local.testCase_buildApp_default = local.testCase_buildApp_default || function (","            options,","            onError","        ) {","        /*","         * this function will test buildApp's default handling-behavior-behavior","         */","            local.testCase_buildReadme_default(options, local.onErrorThrow);","            local.testCase_buildLib_default(options, local.onErrorThrow);","            local.testCase_buildTest_default(options, local.onErrorThrow);","            local.testCase_buildCustomOrg_default(options, local.onErrorThrow);","            options = [];","            local.buildApp(options, onError);","        };","","        local.testCase_buildCustomOrg_default = local.testCase_buildCustomOrg_default ||","            function (options, onError) {","            /*","             * this function will test buildCustomOrg's default handling-behavior","             */","                options = {};","                local.buildCustomOrg(options, onError);","            };","","        local.testCase_buildLib_default = local.testCase_buildLib_default || function (","            options,","            onError","        ) {","        /*","         * this function will test buildLib's default handling-behavior","         */","            options = {};","            local.buildLib(options, onError);","        };","","        local.testCase_buildReadme_default = local.testCase_buildReadme_default || function (","            options,","            onError","        ) {","        /*","         * this function will test buildReadme's default handling-behavior-behavior","         */","            options = {};","            local.buildReadme(options, onError);","        };","","        local.testCase_buildTest_default = local.testCase_buildTest_default || function (","            options,","            onError","        ) {","        /*","         * this function will test buildTest's default handling-behavior","         */","            options = {};","            local.buildTest(options, onError);","        };","","        local.testCase_webpage_default = local.testCase_webpage_default || function (","            options,","            onError","        ) {","        /*","         * this function will test webpage's default handling-behavior","         */","            options = { modeCoverageMerge: true, url: local.serverLocalHost + '?modeTest=1' };","            local.browserTest(options, onError);","        };","","        // run test-server","        local.testRunServer(local);","        break;","    }","}());",""],"l":{"12":2,"14":2,"19":2,"21":2,"23":2,"24":2,"25":2,"30":1,"37":2,"40":2,"43":1,"47":1,"50":1,"52":1,"55":2,"61":2,"62":2,"64":2,"70":1,"76":1,"82":2,"83":2,"85":2,"91":1,"98":1,"102":1,"105":1,"112":1,"119":1,"120":1,"123":1,"130":1,"131":1,"132":1,"133":1,"134":1,"135":1,"138":1,"143":2,"144":2,"147":1,"154":2,"155":2,"158":1,"165":2,"166":2,"169":1,"176":2,"177":2,"180":1,"187":1,"188":1,"192":1,"193":1}},"/home/travis/build/npmtest/node-npmtest-spark-md5/lib.npmtest_spark_md5.js":{"path":"/home/travis/build/npmtest/node-npmtest-spark-md5/lib.npmtest_spark_md5.js","s":{"1":2,"2":2,"3":2,"4":2,"5":2,"6":2,"7":2,"8":1,"9":2,"10":2,"11":2,"12":2,"13":1,"14":1,"15":1,"16":1},"b":{"1":[2,1,1,1],"2":[1,1,1,1],"3":[1,1],"4":[2,2],"5":[1,1]},"f":{"1":2,"2":2,"3":2},"fnMap":{"1":{"name":"(anonymous_1)","line":12,"loc":{"start":{"line":12,"column":1},"end":{"line":12,"column":13}}},"2":{"name":"(anonymous_2)","line":19,"loc":{"start":{"line":19,"column":5},"end":{"line":19,"column":17}}},"3":{"name":"(anonymous_3)","line":23,"loc":{"start":{"line":23,"column":24},"end":{"line":23,"column":36}}}},"statementMap":{"1":{"start":{"line":12,"column":0},"end":{"line":53,"column":5}},"2":{"start":{"line":14,"column":4},"end":{"line":14,"column":14}},"3":{"start":{"line":19,"column":4},"end":{"line":52,"column":9}},"4":{"start":{"line":21,"column":8},"end":{"line":21,"column":19}},"5":{"start":{"line":23,"column":8},"end":{"line":35,"column":13}},"6":{"start":{"line":24,"column":12},"end":{"line":34,"column":13}},"7":{"start":{"line":25,"column":16},"end":{"line":28,"column":30}},"8":{"start":{"line":30,"column":16},"end":{"line":33,"column":27}},"9":{"start":{"line":37,"column":8},"end":{"line":39,"column":21}},"10":{"start":{"line":41,"column":8},"end":{"line":41,"column":54}},"11":{"start":{"line":43,"column":8},"end":{"line":43,"column":54}},"12":{"start":{"line":45,"column":8},"end":{"line":51,"column":9}},"13":{"start":{"line":46,"column":12},"end":{"line":46,"column":60}},"14":{"start":{"line":48,"column":12},"end":{"line":48,"column":35}},"15":{"start":{"line":49,"column":12},"end":{"line":49,"column":49}},"16":{"start":{"line":50,"column":12},"end":{"line":50,"column":43}}},"branchMap":{"1":{"line":25,"type":"binary-expr","locations":[{"start":{"line":25,"column":23},"end":{"line":25,"column":62}},{"start":{"line":26,"column":20},"end":{"line":26,"column":70}},{"start":{"line":27,"column":20},"end":{"line":27,"column":71}},{"start":{"line":28,"column":20},"end":{"line":28,"column":29}}]},"2":{"line":30,"type":"binary-expr","locations":[{"start":{"line":30,"column":23},"end":{"line":30,"column":37}},{"start":{"line":31,"column":20},"end":{"line":31,"column":61}},{"start":{"line":32,"column":20},"end":{"line":32,"column":70}},{"start":{"line":33,"column":20},"end":{"line":33,"column":26}}]},"3":{"line":37,"type":"cond-expr","locations":[{"start":{"line":38,"column":14},"end":{"line":38,"column":20}},{"start":{"line":39,"column":14},"end":{"line":39,"column":20}}]},"4":{"line":41,"type":"binary-expr","locations":[{"start":{"line":41,"column":16},"end":{"line":41,"column":44}},{"start":{"line":41,"column":48},"end":{"line":41,"column":53}}]},"5":{"line":45,"type":"if","locations":[{"start":{"line":45,"column":8},"end":{"line":45,"column":8}},{"start":{"line":45,"column":8},"end":{"line":45,"column":8}}]}},"code":["/* istanbul instrument in package npmtest_spark_md5 */","/*jslint","    bitwise: true,","    browser: true,","    maxerr: 8,","    maxlen: 96,","    node: true,","    nomen: true,","    regexp: true,","    stupid: true","*/","(function () {","    'use strict';","    var local;","","","","    // run shared js-env code - pre-init","    (function () {","        // init local","        local = {};","        // init modeJs","        local.modeJs = (function () {","            try {","                return typeof navigator.userAgent === 'string' &&","                    typeof document.querySelector('body') === 'object' &&","                    typeof XMLHttpRequest.prototype.open === 'function' &&","                    'browser';","            } catch (errorCaughtBrowser) {","                return module.exports &&","                    typeof process.versions.node === 'string' &&","                    typeof require('http').createServer === 'function' &&","                    'node';","            }","        }());","        // init global","        local.global = local.modeJs === 'browser'","            ? window","            : global;","        // init utility2_rollup","        local = local.global.utility2_rollup || local;","        // init lib","        local.local = local.npmtest_spark_md5 = local;","        // init exports","        if (local.modeJs === 'browser') {","            local.global.utility2_npmtest_spark_md5 = local;","        } else {","            module.exports = local;","            module.exports.__dirname = __dirname;","            module.exports.module = module;","        }","    }());","}());",""],"l":{"12":2,"14":2,"19":2,"21":2,"23":2,"24":2,"25":2,"30":1,"37":2,"41":2,"43":2,"45":2,"46":1,"48":1,"49":1,"50":1}},"/home/travis/build/npmtest/node-npmtest-spark-md5/example.js":{"path":"/home/travis/build/npmtest/node-npmtest-spark-md5/example.js","s":{"1":2,"2":2,"3":2,"4":2,"5":2,"6":2,"7":2,"8":1,"9":2,"10":2,"11":2,"12":2,"13":1,"14":2,"15":2,"16":2,"17":2,"18":2,"19":0,"20":2,"21":1,"22":1,"23":1,"24":1,"25":1,"26":0,"27":0,"28":1,"29":1,"30":2,"31":0,"32":0,"33":0,"34":1,"35":2,"36":2,"37":3,"38":3,"39":3,"40":3,"41":0,"42":3,"43":3,"44":3,"45":1,"46":3,"47":1,"48":1,"49":1,"50":1,"51":1,"52":1,"53":1,"54":1,"55":1,"56":1,"57":0,"58":1,"59":6,"60":6,"61":1,"62":2,"63":0,"64":2,"65":1,"66":1,"67":0,"68":0,"69":0,"70":0,"71":0,"72":0,"73":0,"74":0,"75":0,"76":0,"77":0,"78":0,"79":0,"80":0,"81":0,"82":0,"83":0},"b":{"1":[2,1,1,1],"2":[1,1,1,1],"3":[1,1],"4":[2,2],"5":[1,1],"6":[1,1],"7":[2,0],"8":[2,1,1,1,1,1],"9":[0,2,0],"10":[1,1],"11":[2,1,1],"12":[1,0],"13":[0,2],"14":[2,0,0,0,0,0,0],"15":[0,3],"16":[3,0],"17":[1,1],"18":[0,1],"19":[1,2,0,2],"20":[1,0],"21":[1,1],"22":[0,0],"23":[0,0],"24":[0,0],"25":[0,0],"26":[0,0],"27":[0,0],"28":[0,0]},"f":{"1":2,"2":2,"3":2,"4":2,"5":2,"6":2,"7":3,"8":3,"9":3,"10":1,"11":6,"12":0},"fnMap":{"1":{"name":"(anonymous_1)","line":26,"loc":{"start":{"line":26,"column":1},"end":{"line":26,"column":13}}},"2":{"name":"(anonymous_2)","line":33,"loc":{"start":{"line":33,"column":5},"end":{"line":33,"column":17}}},"3":{"name":"(anonymous_3)","line":37,"loc":{"start":{"line":37,"column":24},"end":{"line":37,"column":36}}},"4":{"name":"(anonymous_4)","line":69,"loc":{"start":{"line":69,"column":31},"end":{"line":69,"column":48}},"skip":true},"5":{"name":"(anonymous_5)","line":78,"loc":{"start":{"line":78,"column":26},"end":{"line":78,"column":45}},"skip":true},"6":{"name":"(anonymous_6)","line":123,"loc":{"start":{"line":123,"column":33},"end":{"line":123,"column":48}},"skip":true},"7":{"name":"(anonymous_7)","line":125,"loc":{"start":{"line":125,"column":27},"end":{"line":125,"column":39}},"skip":true},"8":{"name":"(anonymous_8)","line":133,"loc":{"start":{"line":133,"column":59},"end":{"line":133,"column":74}},"skip":true},"9":{"name":"(anonymous_9)","line":143,"loc":{"start":{"line":143,"column":45},"end":{"line":143,"column":62}},"skip":true},"10":{"name":"(anonymous_10)","line":144,"loc":{"start":{"line":144,"column":73},"end":{"line":144,"column":92}},"skip":true},"11":{"name":"(anonymous_11)","line":272,"loc":{"start":{"line":272,"column":51},"end":{"line":272,"column":77}},"skip":true},"12":{"name":"(anonymous_12)","line":314,"loc":{"start":{"line":314,"column":32},"end":{"line":314,"column":61}},"skip":true}},"statementMap":{"1":{"start":{"line":26,"column":0},"end":{"line":325,"column":5}},"2":{"start":{"line":28,"column":4},"end":{"line":28,"column":14}},"3":{"start":{"line":33,"column":4},"end":{"line":60,"column":9}},"4":{"start":{"line":35,"column":8},"end":{"line":35,"column":19}},"5":{"start":{"line":37,"column":8},"end":{"line":49,"column":13}},"6":{"start":{"line":38,"column":12},"end":{"line":48,"column":13}},"7":{"start":{"line":39,"column":16},"end":{"line":42,"column":30}},"8":{"start":{"line":44,"column":16},"end":{"line":47,"column":27}},"9":{"start":{"line":51,"column":8},"end":{"line":53,"column":21}},"10":{"start":{"line":55,"column":8},"end":{"line":57,"column":45}},"11":{"start":{"line":59,"column":8},"end":{"line":59,"column":35}},"12":{"start":{"line":61,"column":4},"end":{"line":324,"column":5}},"13":{"start":{"line":69,"column":8},"end":{"line":121,"column":10},"skip":true},"14":{"start":{"line":70,"column":12},"end":{"line":88,"column":13},"skip":true},"15":{"start":{"line":76,"column":16},"end":{"line":87,"column":19},"skip":true},"16":{"start":{"line":79,"column":20},"end":{"line":86,"column":21},"skip":true},"17":{"start":{"line":82,"column":24},"end":{"line":82,"column":43},"skip":true},"18":{"start":{"line":83,"column":24},"end":{"line":83,"column":30},"skip":true},"19":{"start":{"line":85,"column":24},"end":{"line":85,"column":49},"skip":true},"20":{"start":{"line":89,"column":12},"end":{"line":107,"column":13},"skip":true},"21":{"start":{"line":92,"column":16},"end":{"line":102,"column":17},"skip":true},"22":{"start":{"line":93,"column":20},"end":{"line":93,"column":86},"skip":true},"23":{"start":{"line":94,"column":20},"end":{"line":95,"column":45},"skip":true},"24":{"start":{"line":96,"column":20},"end":{"line":96,"column":42},"skip":true},"25":{"start":{"line":97,"column":20},"end":{"line":97,"column":48},"skip":true},"26":{"start":{"line":100,"column":20},"end":{"line":100,"column":85},"skip":true},"27":{"start":{"line":101,"column":20},"end":{"line":101,"column":96},"skip":true},"28":{"start":{"line":103,"column":16},"end":{"line":103,"column":22},"skip":true},"29":{"start":{"line":106,"column":16},"end":{"line":106,"column":22},"skip":true},"30":{"start":{"line":108,"column":12},"end":{"line":120,"column":13},"skip":true},"31":{"start":{"line":114,"column":16},"end":{"line":119,"column":17},"skip":true},"32":{"start":{"line":116,"column":20},"end":{"line":116,"column":78},"skip":true},"33":{"start":{"line":118,"column":20},"end":{"line":118,"column":47},"skip":true},"34":{"start":{"line":123,"column":8},"end":{"line":141,"column":11},"skip":true},"35":{"start":{"line":124,"column":12},"end":{"line":124,"column":54},"skip":true},"36":{"start":{"line":125,"column":12},"end":{"line":140,"column":14},"skip":true},"37":{"start":{"line":126,"column":16},"end":{"line":126,"column":28},"skip":true},"38":{"start":{"line":127,"column":16},"end":{"line":127,"column":69},"skip":true},"39":{"start":{"line":128,"column":16},"end":{"line":128,"column":75},"skip":true},"40":{"start":{"line":129,"column":16},"end":{"line":131,"column":17},"skip":true},"41":{"start":{"line":130,"column":20},"end":{"line":130,"column":27},"skip":true},"42":{"start":{"line":133,"column":16},"end":{"line":137,"column":36},"skip":true},"43":{"start":{"line":134,"column":20},"end":{"line":136,"column":55},"skip":true},"44":{"start":{"line":139,"column":16},"end":{"line":139,"column":57},"skip":true},"45":{"start":{"line":143,"column":8},"end":{"line":147,"column":11},"skip":true},"46":{"start":{"line":144,"column":12},"end":{"line":146,"column":15},"skip":true},"47":{"start":{"line":145,"column":16},"end":{"line":145,"column":70},"skip":true},"48":{"start":{"line":149,"column":8},"end":{"line":149,"column":31},"skip":true},"49":{"start":{"line":150,"column":8},"end":{"line":150,"column":14},"skip":true},"50":{"start":{"line":158,"column":8},"end":{"line":158,"column":31},"skip":true},"51":{"start":{"line":160,"column":8},"end":{"line":160,"column":33},"skip":true},"52":{"start":{"line":161,"column":8},"end":{"line":161,"column":37},"skip":true},"53":{"start":{"line":162,"column":8},"end":{"line":162,"column":35},"skip":true},"54":{"start":{"line":164,"column":8},"end":{"line":164,"column":50},"skip":true},"55":{"start":{"line":166,"column":8},"end":{"line":256,"column":2},"skip":true},"56":{"start":{"line":258,"column":8},"end":{"line":286,"column":9},"skip":true},"57":{"start":{"line":259,"column":12},"end":{"line":269,"column":14},"skip":true},"58":{"start":{"line":271,"column":12},"end":{"line":285,"column":19},"skip":true},"59":{"start":{"line":274,"column":20},"end":{"line":274,"column":35},"skip":true},"60":{"start":{"line":275,"column":20},"end":{"line":284,"column":21},"skip":true},"61":{"start":{"line":277,"column":24},"end":{"line":277,"column":64},"skip":true},"62":{"start":{"line":279,"column":24},"end":{"line":279,"column":40},"skip":true},"63":{"start":{"line":281,"column":24},"end":{"line":281,"column":40},"skip":true},"64":{"start":{"line":283,"column":24},"end":{"line":283,"column":39},"skip":true},"65":{"start":{"line":288,"column":8},"end":{"line":290,"column":9},"skip":true},"66":{"start":{"line":289,"column":12},"end":{"line":289,"column":18},"skip":true},"67":{"start":{"line":291,"column":8},"end":{"line":293,"column":54},"skip":true},"68":{"start":{"line":294,"column":8},"end":{"line":301,"column":37},"skip":true},"69":{"start":{"line":302,"column":8},"end":{"line":302,"column":82},"skip":true},"70":{"start":{"line":305,"column":8},"end":{"line":307,"column":9},"skip":true},"71":{"start":{"line":306,"column":12},"end":{"line":306,"column":82},"skip":true},"72":{"start":{"line":309,"column":8},"end":{"line":311,"column":9},"skip":true},"73":{"start":{"line":310,"column":12},"end":{"line":310,"column":18},"skip":true},"74":{"start":{"line":312,"column":8},"end":{"line":312,"column":54},"skip":true},"75":{"start":{"line":313,"column":8},"end":{"line":313,"column":69},"skip":true},"76":{"start":{"line":314,"column":8},"end":{"line":322,"column":36},"skip":true},"77":{"start":{"line":315,"column":12},"end":{"line":315,"column":61},"skip":true},"78":{"start":{"line":316,"column":12},"end":{"line":319,"column":13},"skip":true},"79":{"start":{"line":317,"column":16},"end":{"line":317,"column":75},"skip":true},"80":{"start":{"line":318,"column":16},"end":{"line":318,"column":23},"skip":true},"81":{"start":{"line":320,"column":12},"end":{"line":320,"column":38},"skip":true},"82":{"start":{"line":321,"column":12},"end":{"line":321,"column":27},"skip":true},"83":{"start":{"line":323,"column":8},"end":{"line":323,"column":14},"skip":true}},"branchMap":{"1":{"line":39,"type":"binary-expr","locations":[{"start":{"line":39,"column":23},"end":{"line":39,"column":62}},{"start":{"line":40,"column":20},"end":{"line":40,"column":70}},{"start":{"line":41,"column":20},"end":{"line":41,"column":71}},{"start":{"line":42,"column":20},"end":{"line":42,"column":29}}]},"2":{"line":44,"type":"binary-expr","locations":[{"start":{"line":44,"column":23},"end":{"line":44,"column":37}},{"start":{"line":45,"column":20},"end":{"line":45,"column":61}},{"start":{"line":46,"column":20},"end":{"line":46,"column":70}},{"start":{"line":47,"column":20},"end":{"line":47,"column":26}}]},"3":{"line":51,"type":"cond-expr","locations":[{"start":{"line":52,"column":14},"end":{"line":52,"column":20}},{"start":{"line":53,"column":14},"end":{"line":53,"column":20}}]},"4":{"line":55,"type":"binary-expr","locations":[{"start":{"line":55,"column":16},"end":{"line":55,"column":44}},{"start":{"line":55,"column":49},"end":{"line":57,"column":43}}]},"5":{"line":55,"type":"cond-expr","locations":[{"start":{"line":56,"column":14},"end":{"line":56,"column":53}},{"start":{"line":57,"column":14},"end":{"line":57,"column":43}}]},"6":{"line":61,"type":"switch","locations":[{"start":{"line":68,"column":4},"end":{"line":150,"column":14},"skip":true},{"start":{"line":156,"column":4},"end":{"line":323,"column":14},"skip":true}]},"7":{"line":70,"type":"if","locations":[{"start":{"line":70,"column":12},"end":{"line":70,"column":12},"skip":true},{"start":{"line":70,"column":12},"end":{"line":70,"column":12},"skip":true}]},"8":{"line":70,"type":"binary-expr","locations":[{"start":{"line":70,"column":16},"end":{"line":70,"column":22},"skip":true},{"start":{"line":70,"column":27},"end":{"line":70,"column":32},"skip":true},{"start":{"line":71,"column":20},"end":{"line":71,"column":39},"skip":true},{"start":{"line":72,"column":20},"end":{"line":72,"column":49},"skip":true},{"start":{"line":73,"column":20},"end":{"line":73,"column":58},"skip":true},{"start":{"line":74,"column":20},"end":{"line":74,"column":69},"skip":true}]},"9":{"line":79,"type":"switch","locations":[{"start":{"line":80,"column":20},"end":{"line":80,"column":33},"skip":true},{"start":{"line":81,"column":20},"end":{"line":83,"column":30},"skip":true},{"start":{"line":84,"column":20},"end":{"line":85,"column":49},"skip":true}]},"10":{"line":89,"type":"switch","locations":[{"start":{"line":90,"column":12},"end":{"line":103,"column":22},"skip":true},{"start":{"line":105,"column":12},"end":{"line":106,"column":22},"skip":true}]},"11":{"line":89,"type":"binary-expr","locations":[{"start":{"line":89,"column":20},"end":{"line":89,"column":25},"skip":true},{"start":{"line":89,"column":29},"end":{"line":89,"column":48},"skip":true},{"start":{"line":89,"column":52},"end":{"line":89,"column":74},"skip":true}]},"12":{"line":92,"type":"if","locations":[{"start":{"line":92,"column":16},"end":{"line":92,"column":16},"skip":true},{"start":{"line":92,"column":16},"end":{"line":92,"column":16},"skip":true}]},"13":{"line":108,"type":"if","locations":[{"start":{"line":108,"column":12},"end":{"line":108,"column":12},"skip":true},{"start":{"line":108,"column":12},"end":{"line":108,"column":12},"skip":true}]},"14":{"line":108,"type":"binary-expr","locations":[{"start":{"line":108,"column":16},"end":{"line":108,"column":61},"skip":true},{"start":{"line":108,"column":66},"end":{"line":108,"column":72},"skip":true},{"start":{"line":108,"column":77},"end":{"line":108,"column":82},"skip":true},{"start":{"line":109,"column":20},"end":{"line":109,"column":39},"skip":true},{"start":{"line":110,"column":20},"end":{"line":110,"column":49},"skip":true},{"start":{"line":111,"column":20},"end":{"line":111,"column":58},"skip":true},{"start":{"line":112,"column":20},"end":{"line":112,"column":68},"skip":true}]},"15":{"line":129,"type":"if","locations":[{"start":{"line":129,"column":16},"end":{"line":129,"column":16},"skip":true},{"start":{"line":129,"column":16},"end":{"line":129,"column":16},"skip":true}]},"16":{"line":134,"type":"cond-expr","locations":[{"start":{"line":135,"column":26},"end":{"line":135,"column":29},"skip":true},{"start":{"line":136,"column":26},"end":{"line":136,"column":54},"skip":true}]},"17":{"line":164,"type":"binary-expr","locations":[{"start":{"line":164,"column":27},"end":{"line":164,"column":43},"skip":true},{"start":{"line":164,"column":47},"end":{"line":164,"column":49},"skip":true}]},"18":{"line":258,"type":"if","locations":[{"start":{"line":258,"column":8},"end":{"line":258,"column":8},"skip":true},{"start":{"line":258,"column":8},"end":{"line":258,"column":8},"skip":true}]},"19":{"line":275,"type":"switch","locations":[{"start":{"line":276,"column":20},"end":{"line":277,"column":64},"skip":true},{"start":{"line":278,"column":20},"end":{"line":279,"column":40},"skip":true},{"start":{"line":280,"column":20},"end":{"line":281,"column":40},"skip":true},{"start":{"line":282,"column":20},"end":{"line":283,"column":39},"skip":true}]},"20":{"line":288,"type":"if","locations":[{"start":{"line":288,"column":8},"end":{"line":288,"column":8},"skip":true},{"start":{"line":288,"column":8},"end":{"line":288,"column":8},"skip":true}]},"21":{"line":288,"type":"binary-expr","locations":[{"start":{"line":288,"column":12},"end":{"line":288,"column":40},"skip":true},{"start":{"line":288,"column":44},"end":{"line":288,"column":67},"skip":true}]},"22":{"line":292,"type":"binary-expr","locations":[{"start":{"line":292,"column":12},"end":{"line":292,"column":50},"skip":true},{"start":{"line":293,"column":12},"end":{"line":293,"column":53},"skip":true}]},"23":{"line":295,"type":"binary-expr","locations":[{"start":{"line":295,"column":12},"end":{"line":295,"column":67},"skip":true},{"start":{"line":296,"column":12},"end":{"line":301,"column":36},"skip":true}]},"24":{"line":302,"type":"binary-expr","locations":[{"start":{"line":302,"column":43},"end":{"line":302,"column":75},"skip":true},{"start":{"line":302,"column":79},"end":{"line":302,"column":81},"skip":true}]},"25":{"line":305,"type":"if","locations":[{"start":{"line":305,"column":8},"end":{"line":305,"column":8},"skip":true},{"start":{"line":305,"column":8},"end":{"line":305,"column":8},"skip":true}]},"26":{"line":309,"type":"if","locations":[{"start":{"line":309,"column":8},"end":{"line":309,"column":8},"skip":true},{"start":{"line":309,"column":8},"end":{"line":309,"column":8},"skip":true}]},"27":{"line":312,"type":"binary-expr","locations":[{"start":{"line":312,"column":27},"end":{"line":312,"column":43},"skip":true},{"start":{"line":312,"column":47},"end":{"line":312,"column":53},"skip":true}]},"28":{"line":316,"type":"if","locations":[{"start":{"line":316,"column":12},"end":{"line":316,"column":12},"skip":true},{"start":{"line":316,"column":12},"end":{"line":316,"column":12},"skip":true}]}},"code":["/*","example.js","","quickstart example","","instruction","    1. save this script as example.js","    2. run the shell command:","        $ npm install npmtest-spark-md5 && PORT=8081 node example.js","    3. play with the browser-demo on http://127.0.0.1:8081","*/","","","","/* istanbul instrument in package npmtest_spark_md5 */","/*jslint","    bitwise: true,","    browser: true,","    maxerr: 8,","    maxlen: 96,","    node: true,","    nomen: true,","    regexp: true,","    stupid: true","*/","(function () {","    'use strict';","    var local;","","","","    // run shared js-env code - pre-init","    (function () {","        // init local","        local = {};","        // init modeJs","        local.modeJs = (function () {","            try {","                return typeof navigator.userAgent === 'string' &&","                    typeof document.querySelector('body') === 'object' &&","                    typeof XMLHttpRequest.prototype.open === 'function' &&","                    'browser';","            } catch (errorCaughtBrowser) {","                return module.exports &&","                    typeof process.versions.node === 'string' &&","                    typeof require('http').createServer === 'function' &&","                    'node';","            }","        }());","        // init global","        local.global = local.modeJs === 'browser'","            ? window","            : global;","        // init utility2_rollup","        local = local.global.utility2_rollup || (local.modeJs === 'browser'","            ? local.global.utility2_npmtest_spark_md5","            : global.utility2_moduleExports);","        // export local","        local.global.local = local;","    }());","    switch (local.modeJs) {","","","","    // post-init","    // run browser js-env code - post-init","    /* istanbul ignore next */","    case 'browser':","        local.testRunBrowser = function (event) {","            if (!event || (event &&","                    event.currentTarget &&","                    event.currentTarget.className &&","                    event.currentTarget.className.includes &&","                    event.currentTarget.className.includes('onreset'))) {","                // reset output","                Array.from(","                    document.querySelectorAll('body > .resettable')","                ).forEach(function (element) {","                    switch (element.tagName) {","                    case 'INPUT':","                    case 'TEXTAREA':","                        element.value = '';","                        break;","                    default:","                        element.textContent = '';","                    }","                });","            }","            switch (event && event.currentTarget && event.currentTarget.id) {","            case 'testRunButton1':","                // show tests","                if (document.querySelector('#testReportDiv1').style.display === 'none') {","                    document.querySelector('#testReportDiv1').style.display = 'block';","                    document.querySelector('#testRunButton1').textContent =","                        'hide internal test';","                    local.modeTest = true;","                    local.testRunDefault(local);","                // hide tests","                } else {","                    document.querySelector('#testReportDiv1').style.display = 'none';","                    document.querySelector('#testRunButton1').textContent = 'run internal test';","                }","                break;","            // custom-case","            default:","                break;","            }","            if (document.querySelector('#inputTextareaEval1') && (!event || (event &&","                    event.currentTarget &&","                    event.currentTarget.className &&","                    event.currentTarget.className.includes &&","                    event.currentTarget.className.includes('oneval')))) {","                // try to eval input-code","                try {","                    /*jslint evil: true*/","                    eval(document.querySelector('#inputTextareaEval1').value);","                } catch (errorCaught) {","                    console.error(errorCaught);","                }","            }","        };","        // log stderr and stdout to #outputTextareaStdout1","        ['error', 'log'].forEach(function (key) {","            console[key + '_original'] = console[key];","            console[key] = function () {","                var element;","                console[key + '_original'].apply(console, arguments);","                element = document.querySelector('#outputTextareaStdout1');","                if (!element) {","                    return;","                }","                // append text to #outputTextareaStdout1","                element.value += Array.from(arguments).map(function (arg) {","                    return typeof arg === 'string'","                        ? arg","                        : JSON.stringify(arg, null, 4);","                }).join(' ') + '\\n';","                // scroll textarea to bottom","                element.scrollTop = element.scrollHeight;","            };","        });","        // init event-handling","        ['change', 'click', 'keyup'].forEach(function (event) {","            Array.from(document.querySelectorAll('.on' + event)).forEach(function (element) {","                element.addEventListener(event, local.testRunBrowser);","            });","        });","        // run tests","        local.testRunBrowser();","        break;","","","","    // run node js-env code - post-init","    /* istanbul ignore next */","    case 'node':","        // export local","        module.exports = local;","        // require modules","        local.fs = require('fs');","        local.http = require('http');","        local.url = require('url');","        // init assets","        local.assetsDict = local.assetsDict || {};","        /* jslint-ignore-begin */","        local.assetsDict['/assets.index.template.html'] = '\\","<!doctype html>\\n\\","<html lang=\"en\">\\n\\","<head>\\n\\","<meta charset=\"UTF-8\">\\n\\","<meta name=\"viewport\" content=\"width=device-width, initial-scale=1\">\\n\\","<title>{{env.npm_package_name}} (v{{env.npm_package_version}})</title>\\n\\","<style>\\n\\","/*csslint\\n\\","    box-sizing: false,\\n\\","    universal-selector: false\\n\\","*/\\n\\","* {\\n\\","    box-sizing: border-box;\\n\\","}\\n\\","body {\\n\\","    background: #dde;\\n\\","    font-family: Arial, Helvetica, sans-serif;\\n\\","    margin: 2rem;\\n\\","}\\n\\","body > * {\\n\\","    margin-bottom: 1rem;\\n\\","}\\n\\",".utility2FooterDiv {\\n\\","    margin-top: 20px;\\n\\","    text-align: center;\\n\\","}\\n\\","</style>\\n\\","<style>\\n\\","/*csslint\\n\\","*/\\n\\","textarea {\\n\\","    font-family: monospace;\\n\\","    height: 10rem;\\n\\","    width: 100%;\\n\\","}\\n\\","textarea[readonly] {\\n\\","    background: #ddd;\\n\\","}\\n\\","</style>\\n\\","</head>\\n\\","<body>\\n\\","<!-- utility2-comment\\n\\","<div id=\"ajaxProgressDiv1\" style=\"background: #d00; height: 2px; left: 0; margin: 0; padding: 0; position: fixed; top: 0; transition: background 0.5s, width 1.5s; width: 25%;\"></div>\\n\\","utility2-comment -->\\n\\","<h1>\\n\\","<!-- utility2-comment\\n\\","    <a\\n\\","        {{#if env.npm_package_homepage}}\\n\\","        href=\"{{env.npm_package_homepage}}\"\\n\\","        {{/if env.npm_package_homepage}}\\n\\","        target=\"_blank\"\\n\\","    >\\n\\","utility2-comment -->\\n\\","        {{env.npm_package_name}} (v{{env.npm_package_version}})\\n\\","<!-- utility2-comment\\n\\","    </a>\\n\\","utility2-comment -->\\n\\","</h1>\\n\\","<h3>{{env.npm_package_description}}</h3>\\n\\","<!-- utility2-comment\\n\\","<h4><a download href=\"assets.app.js\">download standalone app</a></h4>\\n\\","<button class=\"onclick onreset\" id=\"testRunButton1\">run internal test</button><br>\\n\\","<div id=\"testReportDiv1\" style=\"display: none;\"></div>\\n\\","utility2-comment -->\\n\\","\\n\\","\\n\\","\\n\\","<label>stderr and stdout</label>\\n\\","<textarea class=\"resettable\" id=\"outputTextareaStdout1\" readonly></textarea>\\n\\","<!-- utility2-comment\\n\\","{{#if isRollup}}\\n\\","<script src=\"assets.app.js\"></script>\\n\\","{{#unless isRollup}}\\n\\","utility2-comment -->\\n\\","<script src=\"assets.utility2.rollup.js\"></script>\\n\\","<script src=\"jsonp.utility2._stateInit?callback=window.utility2._stateInit\"></script>\\n\\","<script src=\"assets.npmtest_spark_md5.rollup.js\"></script>\\n\\","<script src=\"assets.example.js\"></script>\\n\\","<script src=\"assets.test.js\"></script>\\n\\","<!-- utility2-comment\\n\\","{{/if isRollup}}\\n\\","utility2-comment -->\\n\\","<div class=\"utility2FooterDiv\">\\n\\","    [ this app was created with\\n\\","    <a href=\"https://github.com/kaizhu256/node-utility2\" target=\"_blank\">utility2</a>\\n\\","    ]\\n\\","</div>\\n\\","</body>\\n\\","</html>\\n\\","';","        /* jslint-ignore-end */","        if (local.templateRender) {","            local.assetsDict['/'] = local.templateRender(","                local.assetsDict['/assets.index.template.html'],","                {","                    env: local.objectSetDefault(local.env, {","                        npm_package_description: 'the greatest app in the world!',","                        npm_package_name: 'my-app',","                        npm_package_nameAlias: 'my_app',","                        npm_package_version: '0.0.1'","                    })","                }","            );","        } else {","            local.assetsDict['/'] = local.assetsDict['/assets.index.template.html']","                .replace((/\\{\\{env\\.(\\w+?)\\}\\}/g), function (match0, match1) {","                    // jslint-hack","                    String(match0);","                    switch (match1) {","                    case 'npm_package_description':","                        return 'the greatest app in the world!';","                    case 'npm_package_name':","                        return 'my-app';","                    case 'npm_package_nameAlias':","                        return 'my_app';","                    case 'npm_package_version':","                        return '0.0.1';","                    }","                });","        }","        // run the cli","        if (local.global.utility2_rollup || module !== require.main) {","            break;","        }","        local.assetsDict['/assets.example.js'] =","            local.assetsDict['/assets.example.js'] ||","            local.fs.readFileSync(__filename, 'utf8');","        local.assetsDict['/assets.npmtest_spark_md5.rollup.js'] =","            local.assetsDict['/assets.npmtest_spark_md5.rollup.js'] ||","            local.fs.readFileSync(","                // buildCustomOrg-hack","                local.npmtest_spark_md5.__dirname +","                    '/lib.npmtest_spark_md5.js',","                'utf8'","            ).replace((/^#!/), '//');","        local.assetsDict['/favicon.ico'] = local.assetsDict['/favicon.ico'] || '';","        // if $npm_config_timeout_exit exists,","        // then exit this process after $npm_config_timeout_exit ms","        if (Number(process.env.npm_config_timeout_exit)) {","            setTimeout(process.exit, Number(process.env.npm_config_timeout_exit));","        }","        // start server","        if (local.global.utility2_serverHttp1) {","            break;","        }","        process.env.PORT = process.env.PORT || '8081';","        console.error('server starting on port ' + process.env.PORT);","        local.http.createServer(function (request, response) {","            request.urlParsed = local.url.parse(request.url);","            if (local.assetsDict[request.urlParsed.pathname] !== undefined) {","                response.end(local.assetsDict[request.urlParsed.pathname]);","                return;","            }","            response.statusCode = 404;","            response.end();","        }).listen(process.env.PORT);","        break;","    }","}());",""],"l":{"26":2,"28":2,"33":2,"35":2,"37":2,"38":2,"39":2,"44":1,"51":2,"55":2,"59":2,"61":2,"69":1,"70":2,"76":2,"79":2,"82":2,"83":2,"85":1,"89":2,"92":1,"93":1,"94":1,"96":1,"97":1,"100":1,"101":1,"103":1,"106":1,"108":2,"114":1,"116":1,"118":1,"123":1,"124":2,"125":2,"126":3,"127":3,"128":3,"129":3,"130":1,"133":3,"134":3,"139":3,"143":1,"144":3,"145":1,"149":1,"150":1,"158":1,"160":1,"161":1,"162":1,"164":1,"166":1,"258":1,"259":1,"271":1,"274":6,"275":6,"277":1,"279":2,"281":1,"283":2,"288":1,"289":1,"291":1,"294":1,"302":1,"305":1,"306":1,"309":1,"310":1,"312":1,"313":1,"314":1,"315":1,"316":1,"317":1,"318":1,"320":1,"321":1,"323":1}},"/home/travis/build/npmtest/node-npmtest-spark-md5/node_modules/spark-md5/spark-md5.js":{"path":"/home/travis/build/npmtest/node-npmtest-spark-md5/node_modules/spark-md5/spark-md5.js","s":{"1":1,"2":1,"3":1,"4":0,"5":0,"6":0,"7":0,"8":0,"9":0,"10":0,"11":1,"12":0,"13":1,"14":0,"15":0,"16":1,"17":1,"18":1,"19":1,"20":1,"21":1,"22":1,"23":1,"24":1,"25":1,"26":1,"27":1,"28":1,"29":1,"30":1,"31":1,"32":1,"33":1,"34":1,"35":1,"36":1,"37":1,"38":1,"39":1,"40":1,"41":1,"42":1,"43":1,"44":1,"45":1,"46":1,"47":1,"48":1,"49":1,"50":1,"51":1,"52":1,"53":1,"54":1,"55":1,"56":1,"57":1,"58":1,"59":1,"60":1,"61":1,"62":1,"63":1,"64":1,"65":1,"66":1,"67":1,"68":1,"69":1,"70":1,"71":1,"72":1,"73":1,"74":1,"75":1,"76":1,"77":1,"78":1,"79":1,"80":1,"81":1,"82":1,"83":1,"84":1,"85":1,"86":1,"87":1,"88":1,"89":1,"90":1,"91":1,"92":1,"93":1,"94":1,"95":1,"96":1,"97":1,"98":1,"99":1,"100":1,"101":1,"102":1,"103":1,"104":1,"105":1,"106":1,"107":1,"108":1,"109":1,"110":1,"111":1,"112":1,"113":1,"114":1,"115":1,"116":1,"117":1,"118":1,"119":1,"120":1,"121":1,"122":1,"123":1,"124":1,"125":1,"126":1,"127":1,"128":1,"129":1,"130":1,"131":1,"132":1,"133":1,"134":1,"135":1,"136":1,"137":1,"138":1,"139":1,"140":1,"141":1,"142":1,"143":1,"144":1,"145":1,"146":1,"147":1,"148":1,"149":1,"150":1,"151":0,"152":0,"153":0,"154":0,"155":1,"156":0,"157":0,"158":0,"159":0,"160":1,"161":1,"162":1,"163":0,"164":1,"165":1,"166":1,"167":1,"168":5,"169":1,"170":1,"171":0,"172":0,"173":0,"174":1,"175":1,"176":1,"177":1,"178":1,"179":1,"180":1,"181":1,"182":1,"183":0,"184":0,"185":0,"186":0,"187":0,"188":0,"189":0,"190":0,"191":0,"192":0,"193":0,"194":0,"195":0,"196":0,"197":0,"198":0,"199":0,"200":0,"201":0,"202":0,"203":0,"204":1,"205":4,"206":4,"207":16,"208":4,"209":1,"210":1,"211":1,"212":4,"213":1,"214":1,"215":0,"216":0,"217":0,"218":1,"219":0,"220":1,"221":0,"222":0,"223":0,"224":0,"225":0,"226":0,"227":0,"228":0,"229":0,"230":0,"231":0,"232":0,"233":0,"234":0,"235":0,"236":0,"237":1,"238":0,"239":0,"240":0,"241":1,"242":0,"243":0,"244":0,"245":0,"246":1,"247":0,"248":1,"249":0,"250":0,"251":0,"252":0,"253":1,"254":0,"255":0,"256":0,"257":0,"258":1,"259":0,"260":1,"261":0,"262":0,"263":1,"264":0,"265":0,"266":0,"267":0,"268":0,"269":0,"270":0,"271":1,"272":0,"273":0,"274":0,"275":0,"276":0,"277":0,"278":0,"279":0,"280":0,"281":1,"282":0,"283":0,"284":0,"285":0,"286":1,"287":0,"288":1,"289":0,"290":0,"291":0,"292":0,"293":1,"294":0,"295":0,"296":0,"297":1,"298":0,"299":0,"300":0,"301":0,"302":0,"303":0,"304":0,"305":0,"306":0,"307":0,"308":0,"309":0,"310":0,"311":1,"312":0,"313":1,"314":0,"315":0,"316":1,"317":0,"318":1,"319":0,"320":0,"321":0,"322":0,"323":0,"324":0,"325":1,"326":0,"327":0,"328":0,"329":0,"330":0,"331":0,"332":0,"333":0,"334":0,"335":1,"336":0,"337":0,"338":0,"339":0,"340":1,"341":0,"342":0,"343":0,"344":1,"345":0,"346":0,"347":1,"348":1,"349":1,"350":0,"351":0,"352":1},"b":{"1":[1,0],"2":[0,0],"3":[0,0],"4":[0,1],"5":[1,1],"6":[0,0],"7":[0,0],"8":[0,0],"9":[0,1],"10":[0,1],"11":[1,1],"12":[0,0],"13":[0,0],"14":[0,0],"15":[0,0],"16":[0,0],"17":[0,0],"18":[0,0],"19":[0,0],"20":[0,0],"21":[0,0],"22":[0,0],"23":[0,0],"24":[0,0],"25":[0,0]},"f":{"1":1,"2":1,"3":0,"4":0,"5":1,"6":0,"7":0,"8":1,"9":0,"10":4,"11":1,"12":0,"13":0,"14":0,"15":0,"16":0,"17":0,"18":0,"19":0,"20":0,"21":0,"22":0,"23":0,"24":0,"25":0,"26":0,"27":0,"28":0,"29":0,"30":0,"31":0,"32":0,"33":0,"34":0,"35":0,"36":0,"37":0,"38":0},"fnMap":{"1":{"name":"(anonymous_1)","line":1,"loc":{"start":{"line":1,"column":1},"end":{"line":1,"column":20}}},"2":{"name":"(anonymous_2)","line":20,"loc":{"start":{"line":20,"column":2},"end":{"line":20,"column":23}}},"3":{"name":"(anonymous_3)","line":37,"loc":{"start":{"line":37,"column":16},"end":{"line":37,"column":32}}},"4":{"name":"cmn","line":43,"loc":{"start":{"line":43,"column":4},"end":{"line":43,"column":35}}},"5":{"name":"md5cycle","line":48,"loc":{"start":{"line":48,"column":4},"end":{"line":48,"column":28}}},"6":{"name":"md5blk","line":192,"loc":{"start":{"line":192,"column":4},"end":{"line":192,"column":23}}},"7":{"name":"md5blk_array","line":202,"loc":{"start":{"line":202,"column":4},"end":{"line":202,"column":29}}},"8":{"name":"md51","line":212,"loc":{"start":{"line":212,"column":4},"end":{"line":212,"column":21}}},"9":{"name":"md51_array","line":252,"loc":{"start":{"line":252,"column":4},"end":{"line":252,"column":27}}},"10":{"name":"rhex","line":300,"loc":{"start":{"line":300,"column":4},"end":{"line":300,"column":21}}},"11":{"name":"hex","line":309,"loc":{"start":{"line":309,"column":4},"end":{"line":309,"column":20}}},"12":{"name":"(anonymous_12)","line":319,"loc":{"start":{"line":319,"column":16},"end":{"line":319,"column":32}}},"13":{"name":"(anonymous_13)","line":335,"loc":{"start":{"line":335,"column":9},"end":{"line":335,"column":21}}},"14":{"name":"clamp","line":336,"loc":{"start":{"line":336,"column":12},"end":{"line":336,"column":40}}},"15":{"name":"(anonymous_15)","line":346,"loc":{"start":{"line":346,"column":42},"end":{"line":346,"column":62}}},"16":{"name":"toUtf8","line":381,"loc":{"start":{"line":381,"column":4},"end":{"line":381,"column":25}}},"17":{"name":"utf8Str2ArrayBuffer","line":389,"loc":{"start":{"line":389,"column":4},"end":{"line":389,"column":56}}},"18":{"name":"arrayBuffer2Utf8Str","line":402,"loc":{"start":{"line":402,"column":4},"end":{"line":402,"column":39}}},"19":{"name":"concatenateArrayBuffers","line":406,"loc":{"start":{"line":406,"column":4},"end":{"line":406,"column":70}}},"20":{"name":"hexToBinaryString","line":415,"loc":{"start":{"line":415,"column":4},"end":{"line":415,"column":36}}},"21":{"name":"SparkMD5","line":436,"loc":{"start":{"line":436,"column":4},"end":{"line":436,"column":24}}},"22":{"name":"(anonymous_22)","line":449,"loc":{"start":{"line":449,"column":32},"end":{"line":449,"column":47}}},"23":{"name":"(anonymous_23)","line":464,"loc":{"start":{"line":464,"column":38},"end":{"line":464,"column":58}}},"24":{"name":"(anonymous_24)","line":488,"loc":{"start":{"line":488,"column":29},"end":{"line":488,"column":44}}},"25":{"name":"(anonymous_25)","line":516,"loc":{"start":{"line":516,"column":31},"end":{"line":516,"column":43}}},"26":{"name":"(anonymous_26)","line":529,"loc":{"start":{"line":529,"column":34},"end":{"line":529,"column":46}}},"27":{"name":"(anonymous_27)","line":544,"loc":{"start":{"line":544,"column":34},"end":{"line":544,"column":51}}},"28":{"name":"(anonymous_28)","line":556,"loc":{"start":{"line":556,"column":33},"end":{"line":556,"column":45}}},"29":{"name":"(anonymous_29)","line":568,"loc":{"start":{"line":568,"column":33},"end":{"line":568,"column":57}}},"30":{"name":"(anonymous_30)","line":603,"loc":{"start":{"line":603,"column":20},"end":{"line":603,"column":40}}},"31":{"name":"(anonymous_31)","line":617,"loc":{"start":{"line":617,"column":26},"end":{"line":617,"column":50}}},"32":{"name":"(anonymous_32)","line":631,"loc":{"start":{"line":631,"column":27},"end":{"line":631,"column":39}}},"33":{"name":"(anonymous_33)","line":643,"loc":{"start":{"line":643,"column":44},"end":{"line":643,"column":59}}},"34":{"name":"(anonymous_34)","line":667,"loc":{"start":{"line":667,"column":41},"end":{"line":667,"column":56}}},"35":{"name":"(anonymous_35)","line":695,"loc":{"start":{"line":695,"column":43},"end":{"line":695,"column":55}}},"36":{"name":"(anonymous_36)","line":708,"loc":{"start":{"line":708,"column":46},"end":{"line":708,"column":58}}},"37":{"name":"(anonymous_37)","line":724,"loc":{"start":{"line":724,"column":46},"end":{"line":724,"column":63}}},"38":{"name":"(anonymous_38)","line":743,"loc":{"start":{"line":743,"column":32},"end":{"line":743,"column":52}}}},"statementMap":{"1":{"start":{"line":1,"column":0},"end":{"line":751,"column":4}},"2":{"start":{"line":2,"column":4},"end":{"line":19,"column":5}},"3":{"start":{"line":4,"column":8},"end":{"line":4,"column":35}},"4":{"start":{"line":5,"column":11},"end":{"line":19,"column":5}},"5":{"start":{"line":7,"column":8},"end":{"line":7,"column":24}},"6":{"start":{"line":10,"column":8},"end":{"line":10,"column":17}},"7":{"start":{"line":12,"column":8},"end":{"line":16,"column":9}},"8":{"start":{"line":13,"column":12},"end":{"line":13,"column":26}},"9":{"start":{"line":15,"column":12},"end":{"line":15,"column":24}},"10":{"start":{"line":18,"column":8},"end":{"line":18,"column":34}},"11":{"start":{"line":37,"column":4},"end":{"line":40,"column":99}},"12":{"start":{"line":38,"column":8},"end":{"line":38,"column":36}},"13":{"start":{"line":43,"column":4},"end":{"line":46,"column":5}},"14":{"start":{"line":44,"column":8},"end":{"line":44,"column":44}},"15":{"start":{"line":45,"column":8},"end":{"line":45,"column":53}},"16":{"start":{"line":48,"column":4},"end":{"line":190,"column":5}},"17":{"start":{"line":49,"column":8},"end":{"line":52,"column":21}},"18":{"start":{"line":54,"column":8},"end":{"line":54,"column":53}},"19":{"start":{"line":55,"column":8},"end":{"line":55,"column":41}},"20":{"start":{"line":56,"column":8},"end":{"line":56,"column":53}},"21":{"start":{"line":57,"column":8},"end":{"line":57,"column":42}},"22":{"start":{"line":58,"column":8},"end":{"line":58,"column":53}},"23":{"start":{"line":59,"column":8},"end":{"line":59,"column":42}},"24":{"start":{"line":60,"column":8},"end":{"line":60,"column":54}},"25":{"start":{"line":61,"column":8},"end":{"line":61,"column":42}},"26":{"start":{"line":62,"column":8},"end":{"line":62,"column":53}},"27":{"start":{"line":63,"column":8},"end":{"line":63,"column":41}},"28":{"start":{"line":64,"column":8},"end":{"line":64,"column":54}},"29":{"start":{"line":65,"column":8},"end":{"line":65,"column":42}},"30":{"start":{"line":66,"column":8},"end":{"line":66,"column":54}},"31":{"start":{"line":67,"column":8},"end":{"line":67,"column":42}},"32":{"start":{"line":68,"column":8},"end":{"line":68,"column":52}},"33":{"start":{"line":69,"column":8},"end":{"line":69,"column":42}},"34":{"start":{"line":70,"column":8},"end":{"line":70,"column":54}},"35":{"start":{"line":71,"column":8},"end":{"line":71,"column":41}},"36":{"start":{"line":72,"column":8},"end":{"line":72,"column":54}},"37":{"start":{"line":73,"column":8},"end":{"line":73,"column":42}},"38":{"start":{"line":74,"column":8},"end":{"line":74,"column":50}},"39":{"start":{"line":75,"column":8},"end":{"line":75,"column":42}},"40":{"start":{"line":76,"column":8},"end":{"line":76,"column":55}},"41":{"start":{"line":77,"column":8},"end":{"line":77,"column":42}},"42":{"start":{"line":78,"column":8},"end":{"line":78,"column":55}},"43":{"start":{"line":79,"column":8},"end":{"line":79,"column":41}},"44":{"start":{"line":80,"column":8},"end":{"line":80,"column":53}},"45":{"start":{"line":81,"column":8},"end":{"line":81,"column":42}},"46":{"start":{"line":82,"column":8},"end":{"line":82,"column":55}},"47":{"start":{"line":83,"column":8},"end":{"line":83,"column":42}},"48":{"start":{"line":84,"column":8},"end":{"line":84,"column":55}},"49":{"start":{"line":85,"column":8},"end":{"line":85,"column":42}},"50":{"start":{"line":87,"column":8},"end":{"line":87,"column":53}},"51":{"start":{"line":88,"column":8},"end":{"line":88,"column":41}},"52":{"start":{"line":89,"column":8},"end":{"line":89,"column":54}},"53":{"start":{"line":90,"column":8},"end":{"line":90,"column":41}},"54":{"start":{"line":91,"column":8},"end":{"line":91,"column":54}},"55":{"start":{"line":92,"column":8},"end":{"line":92,"column":42}},"56":{"start":{"line":93,"column":8},"end":{"line":93,"column":53}},"57":{"start":{"line":94,"column":8},"end":{"line":94,"column":42}},"58":{"start":{"line":95,"column":8},"end":{"line":95,"column":53}},"59":{"start":{"line":96,"column":8},"end":{"line":96,"column":41}},"60":{"start":{"line":97,"column":8},"end":{"line":97,"column":53}},"61":{"start":{"line":98,"column":8},"end":{"line":98,"column":41}},"62":{"start":{"line":99,"column":8},"end":{"line":99,"column":54}},"63":{"start":{"line":100,"column":8},"end":{"line":100,"column":42}},"64":{"start":{"line":101,"column":8},"end":{"line":101,"column":53}},"65":{"start":{"line":102,"column":8},"end":{"line":102,"column":42}},"66":{"start":{"line":103,"column":8},"end":{"line":103,"column":53}},"67":{"start":{"line":104,"column":8},"end":{"line":104,"column":41}},"68":{"start":{"line":105,"column":8},"end":{"line":105,"column":55}},"69":{"start":{"line":106,"column":8},"end":{"line":106,"column":41}},"70":{"start":{"line":107,"column":8},"end":{"line":107,"column":53}},"71":{"start":{"line":108,"column":8},"end":{"line":108,"column":42}},"72":{"start":{"line":109,"column":8},"end":{"line":109,"column":54}},"73":{"start":{"line":110,"column":8},"end":{"line":110,"column":42}},"74":{"start":{"line":111,"column":8},"end":{"line":111,"column":55}},"75":{"start":{"line":112,"column":8},"end":{"line":112,"column":41}},"76":{"start":{"line":113,"column":8},"end":{"line":113,"column":52}},"77":{"start":{"line":114,"column":8},"end":{"line":114,"column":41}},"78":{"start":{"line":115,"column":8},"end":{"line":115,"column":54}},"79":{"start":{"line":116,"column":8},"end":{"line":116,"column":42}},"80":{"start":{"line":117,"column":8},"end":{"line":117,"column":55}},"81":{"start":{"line":118,"column":8},"end":{"line":118,"column":42}},"82":{"start":{"line":120,"column":8},"end":{"line":120,"column":45}},"83":{"start":{"line":121,"column":8},"end":{"line":121,"column":41}},"84":{"start":{"line":122,"column":8},"end":{"line":122,"column":49}},"85":{"start":{"line":123,"column":8},"end":{"line":123,"column":42}},"86":{"start":{"line":124,"column":8},"end":{"line":124,"column":50}},"87":{"start":{"line":125,"column":8},"end":{"line":125,"column":42}},"88":{"start":{"line":126,"column":8},"end":{"line":126,"column":48}},"89":{"start":{"line":127,"column":8},"end":{"line":127,"column":41}},"90":{"start":{"line":128,"column":8},"end":{"line":128,"column":49}},"91":{"start":{"line":129,"column":8},"end":{"line":129,"column":41}},"92":{"start":{"line":130,"column":8},"end":{"line":130,"column":49}},"93":{"start":{"line":131,"column":8},"end":{"line":131,"column":42}},"94":{"start":{"line":132,"column":8},"end":{"line":132,"column":48}},"95":{"start":{"line":133,"column":8},"end":{"line":133,"column":42}},"96":{"start":{"line":134,"column":8},"end":{"line":134,"column":50}},"97":{"start":{"line":135,"column":8},"end":{"line":135,"column":41}},"98":{"start":{"line":136,"column":8},"end":{"line":136,"column":49}},"99":{"start":{"line":137,"column":8},"end":{"line":137,"column":41}},"100":{"start":{"line":138,"column":8},"end":{"line":138,"column":48}},"101":{"start":{"line":139,"column":8},"end":{"line":139,"column":42}},"102":{"start":{"line":140,"column":8},"end":{"line":140,"column":48}},"103":{"start":{"line":141,"column":8},"end":{"line":141,"column":42}},"104":{"start":{"line":142,"column":8},"end":{"line":142,"column":47}},"105":{"start":{"line":143,"column":8},"end":{"line":143,"column":41}},"106":{"start":{"line":144,"column":8},"end":{"line":144,"column":48}},"107":{"start":{"line":145,"column":8},"end":{"line":145,"column":41}},"108":{"start":{"line":146,"column":8},"end":{"line":146,"column":49}},"109":{"start":{"line":147,"column":8},"end":{"line":147,"column":42}},"110":{"start":{"line":148,"column":8},"end":{"line":148,"column":49}},"111":{"start":{"line":149,"column":8},"end":{"line":149,"column":42}},"112":{"start":{"line":150,"column":8},"end":{"line":150,"column":48}},"113":{"start":{"line":151,"column":8},"end":{"line":151,"column":41}},"114":{"start":{"line":153,"column":8},"end":{"line":153,"column":51}},"115":{"start":{"line":154,"column":8},"end":{"line":154,"column":41}},"116":{"start":{"line":155,"column":8},"end":{"line":155,"column":52}},"117":{"start":{"line":156,"column":8},"end":{"line":156,"column":42}},"118":{"start":{"line":157,"column":8},"end":{"line":157,"column":53}},"119":{"start":{"line":158,"column":8},"end":{"line":158,"column":42}},"120":{"start":{"line":159,"column":8},"end":{"line":159,"column":50}},"121":{"start":{"line":160,"column":8},"end":{"line":160,"column":41}},"122":{"start":{"line":161,"column":8},"end":{"line":161,"column":53}},"123":{"start":{"line":162,"column":8},"end":{"line":162,"column":41}},"124":{"start":{"line":163,"column":8},"end":{"line":163,"column":52}},"125":{"start":{"line":164,"column":8},"end":{"line":164,"column":42}},"126":{"start":{"line":165,"column":8},"end":{"line":165,"column":50}},"127":{"start":{"line":166,"column":8},"end":{"line":166,"column":42}},"128":{"start":{"line":167,"column":8},"end":{"line":167,"column":52}},"129":{"start":{"line":168,"column":8},"end":{"line":168,"column":41}},"130":{"start":{"line":169,"column":8},"end":{"line":169,"column":52}},"131":{"start":{"line":170,"column":8},"end":{"line":170,"column":41}},"132":{"start":{"line":171,"column":8},"end":{"line":171,"column":51}},"133":{"start":{"line":172,"column":8},"end":{"line":172,"column":42}},"134":{"start":{"line":173,"column":8},"end":{"line":173,"column":52}},"135":{"start":{"line":174,"column":8},"end":{"line":174,"column":42}},"136":{"start":{"line":175,"column":8},"end":{"line":175,"column":53}},"137":{"start":{"line":176,"column":8},"end":{"line":176,"column":41}},"138":{"start":{"line":177,"column":8},"end":{"line":177,"column":51}},"139":{"start":{"line":178,"column":8},"end":{"line":178,"column":41}},"140":{"start":{"line":179,"column":8},"end":{"line":179,"column":53}},"141":{"start":{"line":180,"column":8},"end":{"line":180,"column":42}},"142":{"start":{"line":181,"column":8},"end":{"line":181,"column":51}},"143":{"start":{"line":182,"column":8},"end":{"line":182,"column":42}},"144":{"start":{"line":183,"column":8},"end":{"line":183,"column":51}},"145":{"start":{"line":184,"column":8},"end":{"line":184,"column":42}},"146":{"start":{"line":186,"column":8},"end":{"line":186,"column":28}},"147":{"start":{"line":187,"column":8},"end":{"line":187,"column":28}},"148":{"start":{"line":188,"column":8},"end":{"line":188,"column":28}},"149":{"start":{"line":189,"column":8},"end":{"line":189,"column":28}},"150":{"start":{"line":192,"column":4},"end":{"line":200,"column":5}},"151":{"start":{"line":193,"column":8},"end":{"line":194,"column":14}},"152":{"start":{"line":196,"column":8},"end":{"line":198,"column":9}},"153":{"start":{"line":197,"column":12},"end":{"line":197,"column":135}},"154":{"start":{"line":199,"column":8},"end":{"line":199,"column":23}},"155":{"start":{"line":202,"column":4},"end":{"line":210,"column":5}},"156":{"start":{"line":203,"column":8},"end":{"line":204,"column":14}},"157":{"start":{"line":206,"column":8},"end":{"line":208,"column":9}},"158":{"start":{"line":207,"column":12},"end":{"line":207,"column":91}},"159":{"start":{"line":209,"column":8},"end":{"line":209,"column":23}},"160":{"start":{"line":212,"column":4},"end":{"line":250,"column":5}},"161":{"start":{"line":213,"column":8},"end":{"line":220,"column":15}},"162":{"start":{"line":222,"column":8},"end":{"line":224,"column":9}},"163":{"start":{"line":223,"column":12},"end":{"line":223,"column":60}},"164":{"start":{"line":225,"column":8},"end":{"line":225,"column":32}},"165":{"start":{"line":226,"column":8},"end":{"line":226,"column":26}},"166":{"start":{"line":227,"column":8},"end":{"line":227,"column":64}},"167":{"start":{"line":228,"column":8},"end":{"line":230,"column":9}},"168":{"start":{"line":229,"column":12},"end":{"line":229,"column":62}},"169":{"start":{"line":231,"column":8},"end":{"line":231,"column":47}},"170":{"start":{"line":232,"column":8},"end":{"line":237,"column":9}},"171":{"start":{"line":233,"column":12},"end":{"line":233,"column":34}},"172":{"start":{"line":234,"column":12},"end":{"line":236,"column":13}},"173":{"start":{"line":235,"column":16},"end":{"line":235,"column":28}},"174":{"start":{"line":240,"column":8},"end":{"line":240,"column":20}},"175":{"start":{"line":241,"column":8},"end":{"line":241,"column":55}},"176":{"start":{"line":242,"column":8},"end":{"line":242,"column":34}},"177":{"start":{"line":243,"column":8},"end":{"line":243,"column":39}},"178":{"start":{"line":245,"column":8},"end":{"line":245,"column":22}},"179":{"start":{"line":246,"column":8},"end":{"line":246,"column":22}},"180":{"start":{"line":248,"column":8},"end":{"line":248,"column":30}},"181":{"start":{"line":249,"column":8},"end":{"line":249,"column":21}},"182":{"start":{"line":252,"column":4},"end":{"line":298,"column":5}},"183":{"start":{"line":253,"column":8},"end":{"line":260,"column":15}},"184":{"start":{"line":262,"column":8},"end":{"line":264,"column":9}},"185":{"start":{"line":263,"column":12},"end":{"line":263,"column":65}},"186":{"start":{"line":270,"column":8},"end":{"line":270,"column":66}},"187":{"start":{"line":272,"column":8},"end":{"line":272,"column":26}},"188":{"start":{"line":273,"column":8},"end":{"line":273,"column":64}},"189":{"start":{"line":274,"column":8},"end":{"line":276,"column":9}},"190":{"start":{"line":275,"column":12},"end":{"line":275,"column":51}},"191":{"start":{"line":278,"column":8},"end":{"line":278,"column":47}},"192":{"start":{"line":279,"column":8},"end":{"line":284,"column":9}},"193":{"start":{"line":280,"column":12},"end":{"line":280,"column":34}},"194":{"start":{"line":281,"column":12},"end":{"line":283,"column":13}},"195":{"start":{"line":282,"column":16},"end":{"line":282,"column":28}},"196":{"start":{"line":287,"column":8},"end":{"line":287,"column":20}},"197":{"start":{"line":288,"column":8},"end":{"line":288,"column":55}},"198":{"start":{"line":289,"column":8},"end":{"line":289,"column":34}},"199":{"start":{"line":290,"column":8},"end":{"line":290,"column":39}},"200":{"start":{"line":292,"column":8},"end":{"line":292,"column":22}},"201":{"start":{"line":293,"column":8},"end":{"line":293,"column":22}},"202":{"start":{"line":295,"column":8},"end":{"line":295,"column":30}},"203":{"start":{"line":297,"column":8},"end":{"line":297,"column":21}},"204":{"start":{"line":300,"column":4},"end":{"line":307,"column":5}},"205":{"start":{"line":301,"column":8},"end":{"line":302,"column":14}},"206":{"start":{"line":303,"column":8},"end":{"line":305,"column":9}},"207":{"start":{"line":304,"column":12},"end":{"line":304,"column":85}},"208":{"start":{"line":306,"column":8},"end":{"line":306,"column":17}},"209":{"start":{"line":309,"column":4},"end":{"line":315,"column":5}},"210":{"start":{"line":310,"column":8},"end":{"line":310,"column":14}},"211":{"start":{"line":311,"column":8},"end":{"line":313,"column":9}},"212":{"start":{"line":312,"column":12},"end":{"line":312,"column":30}},"213":{"start":{"line":314,"column":8},"end":{"line":314,"column":26}},"214":{"start":{"line":318,"column":4},"end":{"line":324,"column":5}},"215":{"start":{"line":319,"column":8},"end":{"line":323,"column":10}},"216":{"start":{"line":320,"column":12},"end":{"line":321,"column":58}},"217":{"start":{"line":322,"column":12},"end":{"line":322,"column":48}},"218":{"start":{"line":334,"column":4},"end":{"line":373,"column":5}},"219":{"start":{"line":335,"column":8},"end":{"line":372,"column":13}},"220":{"start":{"line":336,"column":12},"end":{"line":344,"column":13}},"221":{"start":{"line":337,"column":16},"end":{"line":337,"column":37}},"222":{"start":{"line":339,"column":16},"end":{"line":341,"column":17}},"223":{"start":{"line":340,"column":20},"end":{"line":340,"column":53}},"224":{"start":{"line":343,"column":16},"end":{"line":343,"column":45}},"225":{"start":{"line":346,"column":12},"end":{"line":371,"column":14}},"226":{"start":{"line":347,"column":16},"end":{"line":353,"column":32}},"227":{"start":{"line":355,"column":16},"end":{"line":357,"column":17}},"228":{"start":{"line":356,"column":20},"end":{"line":356,"column":44}},"229":{"start":{"line":359,"column":16},"end":{"line":361,"column":17}},"230":{"start":{"line":360,"column":20},"end":{"line":360,"column":46}},"231":{"start":{"line":363,"column":16},"end":{"line":363,"column":34}},"232":{"start":{"line":364,"column":16},"end":{"line":364,"column":46}},"233":{"start":{"line":365,"column":16},"end":{"line":365,"column":53}},"234":{"start":{"line":367,"column":16},"end":{"line":367,"column":63}},"235":{"start":{"line":368,"column":16},"end":{"line":368,"column":45}},"236":{"start":{"line":370,"column":16},"end":{"line":370,"column":30}},"237":{"start":{"line":381,"column":4},"end":{"line":387,"column":5}},"238":{"start":{"line":382,"column":8},"end":{"line":384,"column":9}},"239":{"start":{"line":383,"column":12},"end":{"line":383,"column":52}},"240":{"start":{"line":386,"column":8},"end":{"line":386,"column":19}},"241":{"start":{"line":389,"column":4},"end":{"line":400,"column":5}},"242":{"start":{"line":390,"column":8},"end":{"line":393,"column":13}},"243":{"start":{"line":395,"column":8},"end":{"line":397,"column":9}},"244":{"start":{"line":396,"column":12},"end":{"line":396,"column":39}},"245":{"start":{"line":399,"column":8},"end":{"line":399,"column":45}},"246":{"start":{"line":402,"column":4},"end":{"line":404,"column":5}},"247":{"start":{"line":403,"column":8},"end":{"line":403,"column":69}},"248":{"start":{"line":406,"column":4},"end":{"line":413,"column":5}},"249":{"start":{"line":407,"column":8},"end":{"line":407,"column":74}},"250":{"start":{"line":409,"column":8},"end":{"line":409,"column":42}},"251":{"start":{"line":410,"column":8},"end":{"line":410,"column":61}},"252":{"start":{"line":412,"column":8},"end":{"line":412,"column":57}},"253":{"start":{"line":415,"column":4},"end":{"line":425,"column":5}},"254":{"start":{"line":416,"column":8},"end":{"line":418,"column":14}},"255":{"start":{"line":420,"column":8},"end":{"line":422,"column":9}},"256":{"start":{"line":421,"column":12},"end":{"line":421,"column":55}},"257":{"start":{"line":424,"column":8},"end":{"line":424,"column":56}},"258":{"start":{"line":436,"column":4},"end":{"line":439,"column":5}},"259":{"start":{"line":438,"column":8},"end":{"line":438,"column":21}},"260":{"start":{"line":449,"column":4},"end":{"line":455,"column":6}},"261":{"start":{"line":452,"column":8},"end":{"line":452,"column":39}},"262":{"start":{"line":454,"column":8},"end":{"line":454,"column":20}},"263":{"start":{"line":464,"column":4},"end":{"line":478,"column":6}},"264":{"start":{"line":465,"column":8},"end":{"line":465,"column":31}},"265":{"start":{"line":466,"column":8},"end":{"line":466,"column":40}},"266":{"start":{"line":468,"column":8},"end":{"line":469,"column":14}},"267":{"start":{"line":471,"column":8},"end":{"line":473,"column":9}},"268":{"start":{"line":472,"column":12},"end":{"line":472,"column":74}},"269":{"start":{"line":475,"column":8},"end":{"line":475,"column":50}},"270":{"start":{"line":477,"column":8},"end":{"line":477,"column":20}},"271":{"start":{"line":488,"column":4},"end":{"line":509,"column":6}},"272":{"start":{"line":489,"column":8},"end":{"line":493,"column":16}},"273":{"start":{"line":495,"column":8},"end":{"line":497,"column":9}},"274":{"start":{"line":496,"column":12},"end":{"line":496,"column":65}},"275":{"start":{"line":499,"column":8},"end":{"line":499,"column":35}},"276":{"start":{"line":500,"column":8},"end":{"line":500,"column":30}},"277":{"start":{"line":502,"column":8},"end":{"line":504,"column":9}},"278":{"start":{"line":503,"column":12},"end":{"line":503,"column":41}},"279":{"start":{"line":506,"column":8},"end":{"line":506,"column":21}},"280":{"start":{"line":508,"column":8},"end":{"line":508,"column":19}},"281":{"start":{"line":516,"column":4},"end":{"line":522,"column":6}},"282":{"start":{"line":517,"column":8},"end":{"line":517,"column":24}},"283":{"start":{"line":518,"column":8},"end":{"line":518,"column":25}},"284":{"start":{"line":519,"column":8},"end":{"line":519,"column":70}},"285":{"start":{"line":521,"column":8},"end":{"line":521,"column":20}},"286":{"start":{"line":529,"column":4},"end":{"line":535,"column":6}},"287":{"start":{"line":530,"column":8},"end":{"line":534,"column":10}},"288":{"start":{"line":544,"column":4},"end":{"line":550,"column":6}},"289":{"start":{"line":545,"column":8},"end":{"line":545,"column":32}},"290":{"start":{"line":546,"column":8},"end":{"line":546,"column":36}},"291":{"start":{"line":547,"column":8},"end":{"line":547,"column":32}},"292":{"start":{"line":549,"column":8},"end":{"line":549,"column":20}},"293":{"start":{"line":556,"column":4},"end":{"line":560,"column":6}},"294":{"start":{"line":557,"column":8},"end":{"line":557,"column":26}},"295":{"start":{"line":558,"column":8},"end":{"line":558,"column":26}},"296":{"start":{"line":559,"column":8},"end":{"line":559,"column":28}},"297":{"start":{"line":568,"column":4},"end":{"line":592,"column":6}},"298":{"start":{"line":569,"column":8},"end":{"line":572,"column":15}},"299":{"start":{"line":574,"column":8},"end":{"line":574,"column":47}},"300":{"start":{"line":575,"column":8},"end":{"line":580,"column":9}},"301":{"start":{"line":576,"column":12},"end":{"line":576,"column":39}},"302":{"start":{"line":577,"column":12},"end":{"line":579,"column":13}},"303":{"start":{"line":578,"column":16},"end":{"line":578,"column":28}},"304":{"start":{"line":584,"column":8},"end":{"line":584,"column":31}},"305":{"start":{"line":585,"column":8},"end":{"line":585,"column":55}},"306":{"start":{"line":586,"column":8},"end":{"line":586,"column":34}},"307":{"start":{"line":587,"column":8},"end":{"line":587,"column":39}},"308":{"start":{"line":589,"column":8},"end":{"line":589,"column":22}},"309":{"start":{"line":590,"column":8},"end":{"line":590,"column":22}},"310":{"start":{"line":591,"column":8},"end":{"line":591,"column":35}},"311":{"start":{"line":603,"column":4},"end":{"line":607,"column":6}},"312":{"start":{"line":606,"column":8},"end":{"line":606,"column":53}},"313":{"start":{"line":617,"column":4},"end":{"line":622,"column":6}},"314":{"start":{"line":618,"column":8},"end":{"line":619,"column":28}},"315":{"start":{"line":621,"column":8},"end":{"line":621,"column":50}},"316":{"start":{"line":631,"column":4},"end":{"line":634,"column":6}},"317":{"start":{"line":633,"column":8},"end":{"line":633,"column":21}},"318":{"start":{"line":643,"column":4},"end":{"line":657,"column":6}},"31
[...]
2) + a | 0;","        c += (a ^ (d | ~b)) + k[6] - 1560198380 | 0;","        c  = (c << 15 | c >>> 17) + d | 0;","        b += (d ^ (c | ~a)) + k[13] + 1309151649 | 0;","        b  = (b << 21 |b >>> 11) + c | 0;","        a += (c ^ (b | ~d)) + k[4] - 145523070 | 0;","        a  = (a << 6 | a >>> 26) + b | 0;","        d += (b ^ (a | ~c)) + k[11] - 1120210379 | 0;","        d  = (d << 10 | d >>> 22) + a | 0;","        c += (a ^ (d | ~b)) + k[2] + 718787259 | 0;","        c  = (c << 15 | c >>> 17) + d | 0;","        b += (d ^ (c | ~a)) + k[9] - 343485551 | 0;","        b  = (b << 21 | b >>> 11) + c | 0;","","        x[0] = a + x[0] | 0;","        x[1] = b + x[1] | 0;","        x[2] = c + x[2] | 0;","        x[3] = d + x[3] | 0;","    }","","    function md5blk(s) {","        var md5blks = [],","            i; /* Andy King said do it this way. */","","        for (i = 0; i < 64; i += 4) {","            md5blks[i >> 2] = s.charCodeAt(i) + (s.charCodeAt(i + 1) << 8) + (s.charCodeAt(i + 2) << 16) + (s.charCodeAt(i + 3) << 24);","        }","        return md5blks;","    }","","    function md5blk_array(a) {","        var md5blks = [],","            i; /* Andy King said do it this way. */","","        for (i = 0; i < 64; i += 4) {","            md5blks[i >> 2] = a[i] + (a[i + 1] << 8) + (a[i + 2] << 16) + (a[i + 3] << 24);","        }","        return md5blks;","    }","","    function md51(s) {","        var n = s.length,","            state = [1732584193, -271733879, -1732584194, 271733878],","            i,","            length,","            tail,","            tmp,","            lo,","            hi;","","        for (i = 64; i <= n; i += 64) {","            md5cycle(state, md5blk(s.substring(i - 64, i)));","        }","        s = s.substring(i - 64);","        length = s.length;","        tail = [0, 0, 0, 0, 0, 0, 0, 0, 0, 0, 0, 0, 0, 0, 0, 0];","        for (i = 0; i < length; i += 1) {","            tail[i >> 2] |= s.charCodeAt(i) << ((i % 4) << 3);","        }","        tail[i >> 2] |= 0x80 << ((i % 4) << 3);","        if (i > 55) {","            md5cycle(state, tail);","            for (i = 0; i < 16; i += 1) {","                tail[i] = 0;","            }","        }","","        // Beware that the final length might not fit in 32 bits so we take care of that","        tmp = n * 8;","        tmp = tmp.toString(16).match(/(.*?)(.{0,8})$/);","        lo = parseInt(tmp[2], 16);","        hi = parseInt(tmp[1], 16) || 0;","","        tail[14] = lo;","        tail[15] = hi;","","        md5cycle(state, tail);","        return state;","    }","","    function md51_array(a) {","        var n = a.length,","            state = [1732584193, -271733879, -1732584194, 271733878],","            i,","            length,","            tail,","            tmp,","            lo,","            hi;","","        for (i = 64; i <= n; i += 64) {","            md5cycle(state, md5blk_array(a.subarray(i - 64, i)));","        }","","        // Not sure if it is a bug, however IE10 will always produce a sub array of length 1","        // containing the last element of the parent array if the sub array specified starts","        // beyond the length of the parent array - weird.","        // https://connect.microsoft.com/IE/feedback/details/771452/typed-array-subarray-issue","        a = (i - 64) < n ? a.subarray(i - 64) : new Uint8Array(0);","","        length = a.length;","        tail = [0, 0, 0, 0, 0, 0, 0, 0, 0, 0, 0, 0, 0, 0, 0, 0];","        for (i = 0; i < length; i += 1) {","            tail[i >> 2] |= a[i] << ((i % 4) << 3);","        }","","        tail[i >> 2] |= 0x80 << ((i % 4) << 3);","        if (i > 55) {","            md5cycle(state, tail);","            for (i = 0; i < 16; i += 1) {","                tail[i] = 0;","            }","        }","","        // Beware that the final length might not fit in 32 bits so we take care of that","        tmp = n * 8;","        tmp = tmp.toString(16).match(/(.*?)(.{0,8})$/);","        lo = parseInt(tmp[2], 16);","        hi = parseInt(tmp[1], 16) || 0;","","        tail[14] = lo;","        tail[15] = hi;","","        md5cycle(state, tail);","","        return state;","    }","","    function rhex(n) {","        var s = '',","            j;","        for (j = 0; j < 4; j += 1) {","            s += hex_chr[(n >> (j * 8 + 4)) & 0x0F] + hex_chr[(n >> (j * 8)) & 0x0F];","        }","        return s;","    }","","    function hex(x) {","        var i;","        for (i = 0; i < x.length; i += 1) {","            x[i] = rhex(x[i]);","        }","        return x.join('');","    }","","    // In some cases the fast add32 function cannot be used..","    if (hex(md51('hello')) !== '5d41402abc4b2a76b9719d911017c592') {","        add32 = function (x, y) {","            var lsw = (x & 0xFFFF) + (y & 0xFFFF),","                msw = (x >> 16) + (y >> 16) + (lsw >> 16);","            return (msw << 16) | (lsw & 0xFFFF);","        };","    }","","    // ---------------------------------------------------","","    /**","     * ArrayBuffer slice polyfill.","     *","     * @see https://github.com/ttaubert/node-arraybuffer-slice","     */","","    if (typeof ArrayBuffer !== 'undefined' && !ArrayBuffer.prototype.slice) {","        (function () {","            function clamp(val, length) {","                val = (val | 0) || 0;","","                if (val < 0) {","                    return Math.max(val + length, 0);","                }","","                return Math.min(val, length);","            }","","            ArrayBuffer.prototype.slice = function (from, to) {","                var length = this.byteLength,","                    begin = clamp(from, length),","                    end = length,","                    num,","                    target,","                    targetArray,","                    sourceArray;","","                if (to !== undefined) {","                    end = clamp(to, length);","                }","","                if (begin > end) {","                    return new ArrayBuffer(0);","                }","","                num = end - begin;","                target = new ArrayBuffer(num);","                targetArray = new Uint8Array(target);","","                sourceArray = new Uint8Array(this, begin, num);","                targetArray.set(sourceArray);","","                return target;","            };","        })();","    }","","    // ---------------------------------------------------","","    /**","     * Helpers.","     */","","    function toUtf8(str) {","        if (/[\\u0080-\\uFFFF]/.test(str)) {","            str = unescape(encodeURIComponent(str));","        }","","        return str;","    }","","    function utf8Str2ArrayBuffer(str, returnUInt8Array) {","        var length = str.length,","           buff = new ArrayBuffer(length),","           arr = new Uint8Array(buff),","           i;","","        for (i = 0; i < length; i += 1) {","            arr[i] = str.charCodeAt(i);","        }","","        return returnUInt8Array ? arr : buff;","    }","","    function arrayBuffer2Utf8Str(buff) {","        return String.fromCharCode.apply(null, new Uint8Array(buff));","    }","","    function concatenateArrayBuffers(first, second, returnUInt8Array) {","        var result = new Uint8Array(first.byteLength + second.byteLength);","","        result.set(new Uint8Array(first));","        result.set(new Uint8Array(second), first.byteLength);","","        return returnUInt8Array ? result : result.buffer;","    }","","    function hexToBinaryString(hex) {","        var bytes = [],","            length = hex.length,","            x;","","        for (x = 0; x < length - 1; x += 2) {","            bytes.push(parseInt(hex.substr(x, 2), 16));","        }","","        return String.fromCharCode.apply(String, bytes);","    }","","    // ---------------------------------------------------","","    /**","     * SparkMD5 OOP implementation.","     *","     * Use this class to perform an incremental md5, otherwise use the","     * static methods instead.","     */","","    function SparkMD5() {","        // call reset to init the instance","        this.reset();","    }","","    /**","     * Appends a string.","     * A conversion will be applied if an utf8 string is detected.","     *","     * @param {String} str The string to be appended","     *","     * @return {SparkMD5} The instance itself","     */","    SparkMD5.prototype.append = function (str) {","        // Converts the string to utf8 bytes if necessary","        // Then append as binary","        this.appendBinary(toUtf8(str));","","        return this;","    };","","    /**","     * Appends a binary string.","     *","     * @param {String} contents The binary string to be appended","     *","     * @return {SparkMD5} The instance itself","     */","    SparkMD5.prototype.appendBinary = function (contents) {","        this._buff += contents;","        this._length += contents.length;","","        var length = this._buff.length,","            i;","","        for (i = 64; i <= length; i += 64) {","            md5cycle(this._hash, md5blk(this._buff.substring(i - 64, i)));","        }","","        this._buff = this._buff.substring(i - 64);","","        return this;","    };","","    /**","     * Finishes the incremental computation, reseting the internal state and","     * returning the result.","     *","     * @param {Boolean} raw True to get the raw string, false to get the hex string","     *","     * @return {String} The result","     */","    SparkMD5.prototype.end = function (raw) {","        var buff = this._buff,","            length = buff.length,","            i,","            tail = [0, 0, 0, 0, 0, 0, 0, 0, 0, 0, 0, 0, 0, 0, 0, 0],","            ret;","","        for (i = 0; i < length; i += 1) {","            tail[i >> 2] |= buff.charCodeAt(i) << ((i % 4) << 3);","        }","","        this._finish(tail, length);","        ret = hex(this._hash);","","        if (raw) {","            ret = hexToBinaryString(ret);","        }","","        this.reset();","","        return ret;","    };","","    /**","     * Resets the internal state of the computation.","     *","     * @return {SparkMD5} The instance itself","     */","    SparkMD5.prototype.reset = function () {","        this._buff = '';","        this._length = 0;","        this._hash = [1732584193, -271733879, -1732584194, 271733878];","","        return this;","    };","","    /**","     * Gets the internal state of the computation.","     *","     * @return {Object} The state","     */","    SparkMD5.prototype.getState = function () {","        return {","            buff: this._buff,","            length: this._length,","            hash: this._hash","        };","    };","","    /**","     * Gets the internal state of the computation.","     *","     * @param {Object} state The state","     *","     * @return {SparkMD5} The instance itself","     */","    SparkMD5.prototype.setState = function (state) {","        this._buff = state.buff;","        this._length = state.length;","        this._hash = state.hash;","","        return this;","    };","","    /**","     * Releases memory used by the incremental buffer and other additional","     * resources. If you plan to use the instance again, use reset instead.","     */","    SparkMD5.prototype.destroy = function () {","        delete this._hash;","        delete this._buff;","        delete this._length;","    };","","    /**","     * Finish the final calculation based on the tail.","     *","     * @param {Array}  tail   The tail (will be modified)","     * @param {Number} length The length of the remaining buffer","     */","    SparkMD5.prototype._finish = function (tail, length) {","        var i = length,","            tmp,","            lo,","            hi;","","        tail[i >> 2] |= 0x80 << ((i % 4) << 3);","        if (i > 55) {","            md5cycle(this._hash, tail);","            for (i = 0; i < 16; i += 1) {","                tail[i] = 0;","            }","        }","","        // Do the final computation based on the tail and length","        // Beware that the final length may not fit in 32 bits so we take care of that","        tmp = this._length * 8;","        tmp = tmp.toString(16).match(/(.*?)(.{0,8})$/);","        lo = parseInt(tmp[2], 16);","        hi = parseInt(tmp[1], 16) || 0;","","        tail[14] = lo;","        tail[15] = hi;","        md5cycle(this._hash, tail);","    };","","    /**","     * Performs the md5 hash on a string.","     * A conversion will be applied if utf8 string is detected.","     *","     * @param {String}  str The string","     * @param {Boolean} raw True to get the raw string, false to get the hex string","     *","     * @return {String} The result","     */","    SparkMD5.hash = function (str, raw) {","        // Converts the string to utf8 bytes if necessary","        // Then compute it using the binary function","        return SparkMD5.hashBinary(toUtf8(str), raw);","    };","","    /**","     * Performs the md5 hash on a binary string.","     *","     * @param {String}  content The binary string","     * @param {Boolean} raw     True to get the raw string, false to get the hex string","     *","     * @return {String} The result","     */","    SparkMD5.hashBinary = function (content, raw) {","        var hash = md51(content),","            ret = hex(hash);","","        return raw ? hexToBinaryString(ret) : ret;","    };","","    // ---------------------------------------------------","","    /**","     * SparkMD5 OOP implementation for array buffers.","     *","     * Use this class to perform an incremental md5 ONLY for array buffers.","     */","    SparkMD5.ArrayBuffer = function () {","        // call reset to init the instance","        this.reset();","    };","","    /**","     * Appends an array buffer.","     *","     * @param {ArrayBuffer} arr The array to be appended","     *","     * @return {SparkMD5.ArrayBuffer} The instance itself","     */","    SparkMD5.ArrayBuffer.prototype.append = function (arr) {","        var buff = concatenateArrayBuffers(this._buff.buffer, arr, true),","            length = buff.length,","            i;","","        this._length += arr.byteLength;","","        for (i = 64; i <= length; i += 64) {","            md5cycle(this._hash, md5blk_array(buff.subarray(i - 64, i)));","        }","","        this._buff = (i - 64) < length ? new Uint8Array(buff.buffer.slice(i - 64)) : new Uint8Array(0);","","        return this;","    };","","    /**","     * Finishes the incremental computation, reseting the internal state and","     * returning the result.","     *","     * @param {Boolean} raw True to get the raw string, false to get the hex string","     *","     * @return {String} The result","     */","    SparkMD5.ArrayBuffer.prototype.end = function (raw) {","        var buff = this._buff,","            length = buff.length,","            tail = [0, 0, 0, 0, 0, 0, 0, 0, 0, 0, 0, 0, 0, 0, 0, 0],","            i,","            ret;","","        for (i = 0; i < length; i += 1) {","            tail[i >> 2] |= buff[i] << ((i % 4) << 3);","        }","","        this._finish(tail, length);","        ret = hex(this._hash);","","        if (raw) {","            ret = hexToBinaryString(ret);","        }","","        this.reset();","","        return ret;","    };","","    /**","     * Resets the internal state of the computation.","     *","     * @return {SparkMD5.ArrayBuffer} The instance itself","     */","    SparkMD5.ArrayBuffer.prototype.reset = function () {","        this._buff = new Uint8Array(0);","        this._length = 0;","        this._hash = [1732584193, -271733879, -1732584194, 271733878];","","        return this;","    };","","    /**","     * Gets the internal state of the computation.","     *","     * @return {Object} The state","     */","    SparkMD5.ArrayBuffer.prototype.getState = function () {","        var state = SparkMD5.prototype.getState.call(this);","","        // Convert buffer to a string","        state.buff = arrayBuffer2Utf8Str(state.buff);","","        return state;","    };","","    /**","     * Gets the internal state of the computation.","     *","     * @param {Object} state The state","     *","     * @return {SparkMD5.ArrayBuffer} The instance itself","     */","    SparkMD5.ArrayBuffer.prototype.setState = function (state) {","        // Convert string to buffer","        state.buff = utf8Str2ArrayBuffer(state.buff, true);","","        return SparkMD5.prototype.setState.call(this, state);","    };","","    SparkMD5.ArrayBuffer.prototype.destroy = SparkMD5.prototype.destroy;","","    SparkMD5.ArrayBuffer.prototype._finish = SparkMD5.prototype._finish;","","    /**","     * Performs the md5 hash on an array buffer.","     *","     * @param {ArrayBuffer} arr The array buffer","     * @param {Boolean}     raw True to get the raw string, false to get the hex one","     *","     * @return {String} The result","     */","    SparkMD5.ArrayBuffer.hash = function (arr, raw) {","        var hash = md51_array(new Uint8Array(arr)),","            ret = hex(hash);","","        return raw ? hexToBinaryString(ret) : ret;","    };","","    return SparkMD5;","}));",""],"l":{"1":1,"2":1,"4":1,"5":0,"7":0,"10":0,"12":0,"13":0,"15":0,"18":0,"37":1,"38":0,"43":1,"44":0,"45":0,"48":1,"49":1,"54":1,"55":1,"56":1,"57":1,"58":1,"59":1,"60":1,"61":1,"62":1,"63":1,"64":1,"65":1,"66":1,"67":1,"68":1,"69":1,"70":1,"71":1,"72":1,"73":1,"74":1,"75":1,"76":1,"77":1,"78":1,"79":1,"80":1,"81":1,"82":1,"83":1,"84":1,"85":1,"87":1,"88":1,"89":1,"90":1,"91":1,"92":1,"93":1,"94":1,"95":1,"96":1,"97":1,"98":1,"99":1,"100":1,"101":1,"102":1,"103":1,"104":1,"105":1,"106":1,"107":1,"108":1,"109":1,"110":1,"111":1,"112":1,"113":1,"114":1,"115":1,"116":1,"117":1,"118":1,"120":1,"121":1,"122":1,"123":1,"124":1,"125":1,"126":1,"127":1,"128":1,"129":1,"130":1,"131":1,"132":1,"133":1,"134":1,"135":1,"136":1,"137":1,"138":1,"139":1,"140":1,"141":1,"142":1,"143":1,"144":1,"145":1,"146":1,"147":1,"148":1,"149":1,"150":1,"151":1,"153":1,"154":1,"155":1,"156":1,"157":1,"158":1,"159":1,"160":1,"161":1,"162":1,"163":1,"164":1,"165":1,"166":1,"167":1,"168":1,"169":1,"170":1,"171":1,"172":1,"173":1,"174":1,"175":1,"176":1,"177":1,"178":1,"179":1,"180":1,"181":1,"182":1,"183":1,"184":1,"186":1,"187":1,"188":1,"189":1,"192":1,"193":0,"196":0,"197":0,"199":0,"202":1,"203":0,"206":0,"207":0,"209":0,"212":1,"213":1,"222":1,"223":0,"225":1,"226":1,"227":1,"228":1,"229":5,"231":1,"232":1,"233":0,"234":0,"235":0,"240":1,"241":1,"242":1,"243":1,"245":1,"246":1,"248":1,"249":1,"252":1,"253":0,"262":0,"263":0,"270":0,"272":0,"273":0,"274":0,"275":0,"278":0,"279":0,"280":0,"281":0,"282":0,"287":0,"288":0,"289":0,"290":0,"292":0,"293":0,"295":0,"297":0,"300":1,"301":4,"303":4,"304":16,"306":4,"309":1,"310":1,"311":1,"312":4,"314":1,"318":1,"319":0,"320":0,"322":0,"334":1,"335":0,"336":1,"337":0,"339":0,"340":0,"343":0,"346":0,"347":0,"355":0,"356":0,"359":0,"360":0,"363":0,"364":0,"365":0,"367":0,"368":0,"370":0,"381":1,"382":0,"383":0,"386":0,"389":1,"390":0,"395":0,"396":0,"399":0,"402":1,"403":0,"406":1,"407":0,"409":0,"410":0,"412":0,"415":1,"416":0,"420":0,"421":0,"424":0,"436":1,"438":0,"449":1,"452":0,"454":0,"464":1,"465":0,"466":0,"468":0,"471":0,"472":0,"475":0,"477":0,"488":1,"489":0,"495":0,"496":0,"499":0,"500":0,"502":0,"503":0,"506":0,"508":0,"516":1,"517":0,"518":0,"519":0,"521":0,"529":1,"530":0,"544":1,"545":0,"546":0,"547":0,"549":0,"556":1,"557":0,"558":0,"559":0,"568":1,"569":0,"574":0,"575":0,"576":0,"577":0,"578":0,"584":0,"585":0,"586":0,"587":0,"589":0,"590":0,"591":0,"603":1,"606":0,"617":1,"618":0,"621":0,"631":1,"633":0,"643":1,"644":0,"648":0,"650":0,"651":0,"654":0,"656":0,"667":1,"668":0,"674":0,"675":0,"678":0,"679":0,"681":0,"682":0,"685":0,"687":0,"695":1,"696":0,"697":0,"698":0,"700":0,"708":1,"709":0,"712":0,"714":0,"724":1,"726":0,"728":0,"731":1,"733":1,"743":1,"744":0,"747":0,"750":1}}}